TN:
SF:/home/ret2basic/AutomateAllTheThings/Fuzzing_101/04_libtiff/fuzzing_tiff/tiff-4.0.4/port/dummy.c
FN:8,libport_dummy_function
FNDA:0,libport_dummy_function
DA:8,0
DA:10,0
end_of_record
TN:
SF:/home/ret2basic/AutomateAllTheThings/Fuzzing_101/04_libtiff/fuzzing_tiff/tiff-4.0.4/contrib/iptcutil/iptcutil.c
FN:96,formatString
FNDA:0,formatString
FN:150,convertHTMLcodes
FNDA:0,convertHTMLcodes
FN:195,formatIPTC
FNDA:0,formatIPTC
FN:333,super_fgets
FNDA:0,super_fgets
FN:379,main
FNDA:0,main
FN:782,sindex
FNDA:0,sindex
FN:793,chstore
FNDA:0,chstore
FN:820,tokenizer
FNDA:0,tokenizer
DA:96,0
DA:98,0
DA:99,0
DA:100,0
DA:101,0
DA:102,0
DA:103,0
DA:104,0
DA:113,0
DA:114,0
DA:115,0
DA:116,0
DA:117,0
DA:118,0
DA:120,0
DA:121,0
DA:124,0
DA:125,0
DA:150,0
DA:152,0
DA:153,0
DA:155,0
DA:159,0
DA:161,0
DA:162,0
DA:164,0
DA:165,0
DA:166,0
DA:168,0
DA:169,0
DA:170,0
DA:171,0
DA:178,0
DA:180,0
DA:182,0
DA:183,0
DA:185,0
DA:186,0
DA:187,0
DA:192,0
DA:195,0
DA:211,0
DA:218,0
DA:219,0
DA:221,0
DA:222,0
DA:224,0
DA:225,0
DA:228,0
DA:230,0
DA:234,0
DA:235,0
DA:240,0
DA:241,0
DA:242,0
DA:243,0
DA:244,0
DA:245,0
DA:247,0
DA:249,0
DA:250,0
DA:252,0
DA:253,0
DA:255,0
DA:258,0
DA:259,0
DA:260,0
DA:261,0
DA:266,0
DA:268,0
DA:269,0
DA:270,0
DA:271,0
DA:273,0
DA:274,0
DA:275,0
DA:276,0
DA:281,0
DA:283,0
DA:284,0
DA:285,0
DA:286,0
DA:287,0
DA:290,0
DA:292,0
DA:293,0
DA:296,0
DA:297,0
DA:299,0
DA:300,0
DA:302,0
DA:304,0
DA:305,0
DA:307,0
DA:308,0
DA:310,0
DA:312,0
DA:315,0
DA:316,0
DA:318,0
DA:319,0
DA:320,0
DA:322,0
DA:324,0
DA:326,0
DA:333,0
DA:342,0
DA:343,0
DA:345,0
DA:346,0
DA:348,0
DA:353,0
DA:354,0
DA:355,0
DA:356,0
DA:357,0
DA:358,0
DA:360,0
DA:362,0
DA:363,0
DA:368,0
DA:369,0
DA:370,0
DA:371,0
DA:372,0
DA:374,0
DA:379,0
DA:392,0
DA:393,0
DA:397,0
DA:399,0
DA:401,0
DA:402,0
DA:405,0
DA:409,0
DA:411,0
DA:412,0
DA:414,0
DA:415,0
DA:417,0
DA:418,0
DA:423,0
DA:424,0
DA:425,0
DA:430,0
DA:431,0
DA:432,0
DA:433,0
DA:435,0
DA:436,0
DA:438,0
DA:439,0
DA:441,0
DA:442,0
DA:443,0
DA:444,0
DA:446,0
DA:447,0
DA:449,0
DA:450,0
DA:452,0
DA:453,0
DA:454,0
DA:455,0
DA:460,0
DA:461,0
DA:465,0
DA:466,0
DA:468,0
DA:482,0
DA:483,0
DA:486,0
DA:488,0
DA:489,0
DA:490,0
DA:492,0
DA:493,0
DA:495,0
DA:496,0
DA:497,0
DA:500,0
DA:510,0
DA:511,0
DA:512,0
DA:515,0
DA:516,0
DA:518,0
DA:519,0
DA:520,0
DA:524,0
DA:536,0
DA:537,0
DA:538,0
DA:541,0
DA:544,0
DA:546,0
DA:550,0
DA:551,0
DA:552,0
DA:553,0
DA:555,0
DA:556,0
DA:560,0
DA:561,0
DA:562,0
DA:563,0
DA:565,0
DA:566,0
DA:567,0
DA:569,0
DA:571,0
DA:572,0
DA:573,0
DA:574,0
DA:576,0
DA:578,0
DA:579,0
DA:582,0
DA:782,0
DA:785,0
DA:786,0
DA:787,0
DA:788,0
DA:793,0
DA:796,0
DA:798,0
DA:799,0
DA:801,0
DA:803,0
DA:804,0
DA:805,0
DA:807,0
DA:808,0
DA:809,0
DA:811,0
DA:812,0
DA:813,0
DA:815,0
DA:817,0
DA:820,0
DA:827,0
DA:828,0
DA:830,0
DA:831,0
DA:833,0
DA:834,0
DA:835,0
DA:837,0
DA:839,0
DA:841,0
DA:843,0
DA:846,0
DA:847,0
DA:848,0
DA:850,0
DA:851,0
DA:852,0
DA:854,0
DA:855,0
DA:857,0
DA:859,0
DA:860,0
DA:861,0
DA:862,0
DA:863,0
DA:865,0
DA:866,0
DA:868,0
DA:869,0
DA:872,0
DA:873,0
DA:875,0
DA:877,0
DA:878,0
DA:880,0
DA:881,0
DA:883,0
DA:885,0
DA:887,0
DA:889,0
DA:890,0
DA:891,0
DA:893,0
DA:894,0
DA:895,0
DA:897,0
DA:898,0
DA:900,0
DA:901,0
DA:903,0
DA:904,0
DA:905,0
DA:906,0
DA:908,0
DA:910,0
DA:911,0
DA:912,0
DA:913,0
DA:915,0
DA:917,0
DA:918,0
DA:919,0
DA:921,0
DA:922,0
DA:924,0
DA:927,0
DA:929,0
DA:930,0
DA:932,0
DA:934,0
DA:935,0
DA:937,0
DA:938,0
DA:940,0
DA:943,0
DA:944,0
DA:946,0
end_of_record
TN:
SF:/home/ret2basic/AutomateAllTheThings/Fuzzing_101/04_libtiff/fuzzing_tiff/tiff-4.0.4/contrib/dbs/tiff-rgb.c
FN:43,main
FNDA:0,main
FN:190,Usage
FNDA:0,Usage
DA:43,0
DA:45,0
DA:46,0
DA:53,0
DA:55,0
DA:56,0
DA:57,0
DA:58,0
DA:59,0
DA:60,0
DA:61,0
DA:62,0
DA:63,0
DA:65,0
DA:66,0
DA:67,0
DA:68,0
DA:71,0
DA:72,0
DA:73,0
DA:75,0
DA:76,0
DA:77,0
DA:80,0
DA:81,0
DA:82,0
DA:84,0
DA:85,0
DA:86,0
DA:89,0
DA:90,0
DA:91,0
DA:92,0
DA:93,0
DA:94,0
DA:95,0
DA:96,0
DA:97,0
DA:102,0
DA:103,0
DA:105,0
DA:107,0
DA:108,0
DA:109,0
DA:110,0
DA:111,0
DA:113,0
DA:114,0
DA:115,0
DA:116,0
DA:118,0
DA:119,0
DA:120,0
DA:121,0
DA:123,0
DA:124,0
DA:125,0
DA:126,0
DA:128,0
DA:129,0
DA:130,0
DA:131,0
DA:133,0
DA:134,0
DA:135,0
DA:136,0
DA:138,0
DA:139,0
DA:140,0
DA:141,0
DA:143,0
DA:145,0
DA:146,0
DA:147,0
DA:148,0
DA:149,0
DA:151,0
DA:152,0
DA:153,0
DA:154,0
DA:156,0
DA:157,0
DA:158,0
DA:159,0
DA:161,0
DA:162,0
DA:163,0
DA:164,0
DA:166,0
DA:167,0
DA:168,0
DA:169,0
DA:171,0
DA:172,0
DA:173,0
DA:174,0
DA:176,0
DA:177,0
DA:178,0
DA:179,0
DA:181,0
DA:184,0
DA:185,0
DA:186,0
DA:190,0
DA:192,0
DA:193,0
end_of_record
TN:
SF:/home/ret2basic/AutomateAllTheThings/Fuzzing_101/04_libtiff/fuzzing_tiff/tiff-4.0.4/contrib/dbs/tiff-palette.c
FN:40,main
FNDA:0,main
FN:273,Usage
FNDA:0,Usage
DA:40,0
DA:42,0
DA:43,0
DA:48,0
DA:50,0
DA:51,0
DA:53,0
DA:54,0
DA:56,0
DA:58,0
DA:59,0
DA:60,0
DA:61,0
DA:62,0
DA:63,0
DA:64,0
DA:65,0
DA:66,0
DA:67,0
DA:68,0
DA:69,0
DA:70,0
DA:71,0
DA:72,0
DA:73,0
DA:74,0
DA:75,0
DA:76,0
DA:79,0
DA:80,0
DA:82,0
DA:84,0
DA:85,0
DA:86,0
DA:88,0
DA:89,0
DA:90,0
DA:91,0
DA:92,0
DA:93,0
DA:94,0
DA:95,0
DA:96,0
DA:97,0
DA:98,0
DA:99,0
DA:100,0
DA:101,0
DA:102,0
DA:103,0
DA:104,0
DA:105,0
DA:106,0
DA:108,0
DA:109,0
DA:110,0
DA:111,0
DA:112,0
DA:113,0
DA:114,0
DA:115,0
DA:116,0
DA:117,0
DA:118,0
DA:119,0
DA:120,0
DA:121,0
DA:122,0
DA:123,0
DA:125,0
DA:126,0
DA:127,0
DA:128,0
DA:129,0
DA:130,0
DA:131,0
DA:132,0
DA:134,0
DA:135,0
DA:136,0
DA:137,0
DA:138,0
DA:140,0
DA:141,0
DA:142,0
DA:144,0
DA:145,0
DA:146,0
DA:148,0
DA:149,0
DA:150,0
DA:152,0
DA:153,0
DA:154,0
DA:156,0
DA:157,0
DA:158,0
DA:160,0
DA:161,0
DA:162,0
DA:164,0
DA:165,0
DA:166,0
DA:168,0
DA:169,0
DA:170,0
DA:171,0
DA:172,0
DA:173,0
DA:174,0
DA:175,0
DA:176,0
DA:177,0
DA:178,0
DA:179,0
DA:180,0
DA:181,0
DA:182,0
DA:183,0
DA:184,0
DA:185,0
DA:186,0
DA:187,0
DA:188,0
DA:189,0
DA:190,0
DA:191,0
DA:192,0
DA:193,0
DA:194,0
DA:195,0
DA:196,0
DA:198,0
DA:199,0
DA:200,0
DA:202,0
DA:203,0
DA:204,0
DA:205,0
DA:206,0
DA:207,0
DA:208,0
DA:209,0
DA:210,0
DA:211,0
DA:212,0
DA:214,0
DA:215,0
DA:216,0
DA:217,0
DA:220,0
DA:221,0
DA:222,0
DA:223,0
DA:226,0
DA:227,0
DA:228,0
DA:229,0
DA:230,0
DA:231,0
DA:232,0
DA:233,0
DA:234,0
DA:235,0
DA:237,0
DA:239,0
DA:240,0
DA:241,0
DA:243,0
DA:244,0
DA:245,0
DA:246,0
DA:247,0
DA:248,0
DA:249,0
DA:250,0
DA:251,0
DA:252,0
DA:253,0
DA:254,0
DA:255,0
DA:256,0
DA:257,0
DA:258,0
DA:259,0
DA:260,0
DA:261,0
DA:263,0
DA:264,0
DA:267,0
DA:268,0
DA:269,0
DA:273,0
DA:275,0
DA:276,0
end_of_record
TN:
SF:/home/ret2basic/AutomateAllTheThings/Fuzzing_101/04_libtiff/fuzzing_tiff/tiff-4.0.4/contrib/dbs/tiff-grayscale.c
FN:41,main
FNDA:0,main
FN:136,Usage
FNDA:0,Usage
DA:41,0
DA:43,0
DA:44,0
DA:50,0
DA:52,0
DA:53,0
DA:55,0
DA:56,0
DA:58,0
DA:60,0
DA:61,0
DA:62,0
DA:63,0
DA:64,0
DA:65,0
DA:66,0
DA:67,0
DA:68,0
DA:69,0
DA:70,0
DA:71,0
DA:72,0
DA:73,0
DA:74,0
DA:77,0
DA:78,0
DA:80,0
DA:81,0
DA:82,0
DA:84,0
DA:85,0
DA:87,0
DA:88,0
DA:89,0
DA:90,0
DA:93,0
DA:94,0
DA:95,0
DA:96,0
DA:97,0
DA:98,0
DA:99,0
DA:100,0
DA:101,0
DA:102,0
DA:103,0
DA:105,0
DA:107,0
DA:108,0
DA:109,0
DA:111,0
DA:112,0
DA:113,0
DA:114,0
DA:115,0
DA:116,0
DA:117,0
DA:118,0
DA:119,0
DA:120,0
DA:121,0
DA:122,0
DA:123,0
DA:124,0
DA:126,0
DA:127,0
DA:130,0
DA:131,0
DA:132,0
DA:136,0
DA:138,0
DA:139,0
end_of_record
TN:
SF:/home/ret2basic/AutomateAllTheThings/Fuzzing_101/04_libtiff/fuzzing_tiff/tiff-4.0.4/contrib/dbs/tiff-bi.c
FN:35,main
FNDA:0,main
DA:35,0
DA:41,0
DA:42,0
DA:43,0
DA:46,0
DA:47,0
DA:48,0
DA:51,0
DA:52,0
DA:53,0
DA:54,0
DA:55,0
DA:56,0
DA:57,0
DA:58,0
DA:59,0
DA:61,0
DA:63,0
DA:64,0
DA:66,0
DA:67,0
DA:69,0
DA:70,0
DA:72,0
DA:73,0
DA:75,0
DA:76,0
DA:78,0
DA:79,0
DA:81,0
DA:82,0
DA:83,0
end_of_record
TN:
SF:/home/ret2basic/AutomateAllTheThings/Fuzzing_101/04_libtiff/fuzzing_tiff/tiff-4.0.4/contrib/addtiffo/tif_overview.c
FN:80,TIFF_WriteOverview
FNDA:0,TIFF_WriteOverview
FN:164,TIFF_GetSourceSamples
FNDA:0,TIFF_GetSourceSamples
FN:219,TIFF_SetSample
FNDA:0,TIFF_SetSample
FN:261,TIFF_DownSample
FNDA:0,TIFF_DownSample
FN:384,TIFF_DownSample_Subsampled
FNDA:0,TIFF_DownSample_Subsampled
FN:557,TIFF_ProcessFullResBlock
FNDA:0,TIFF_ProcessFullResBlock
FN:702,TIFFBuildOverviews
FNDA:0,TIFFBuildOverviews
DA:80,0
DA:97,0
DA:99,0
DA:104,0
DA:105,0
DA:106,0
DA:107,0
DA:109,0
DA:111,0
DA:112,0
DA:113,0
DA:114,0
DA:115,0
DA:117,0
DA:119,0
DA:120,0
DA:123,0
DA:125,0
DA:127,0
DA:129,0
DA:138,0
DA:140,0
DA:146,0
DA:147,0
DA:149,0
DA:150,0
DA:152,0
DA:154,0
DA:156,0
DA:164,0
DA:172,0
DA:174,0
DA:176,0
DA:180,0
DA:182,0
DA:184,0
DA:186,0
DA:188,0
DA:190,0
DA:192,0
DA:194,0
DA:196,0
DA:198,0
DA:200,0
DA:202,0
DA:204,0
DA:206,0
DA:208,0
DA:212,0
DA:219,0
DA:223,0
DA:225,0
DA:227,0
DA:229,0
DA:231,0
DA:233,0
DA:235,0
DA:237,0
DA:239,0
DA:241,0
DA:243,0
DA:245,0
DA:247,0
DA:249,0
DA:251,0
DA:261,0
DA:271,0
DA:272,0
DA:277,0
DA:280,0
DA:281,0
DA:282,0
DA:283,0
DA:284,0
DA:285,0
DA:287,0
DA:289,0
DA:291,0
DA:293,0
DA:295,0
DA:301,0
DA:303,0
DA:304,0
DA:306,0
DA:307,0
DA:313,0
DA:314,0
DA:316,0
DA:318,0
DA:320,0
DA:321,0
DA:328,0
DA:329,0
DA:331,0
DA:332,0
DA:340,0
DA:341,0
DA:343,0
DA:345,0
DA:350,0
DA:351,0
DA:353,0
DA:354,0
DA:356,0
DA:360,0
DA:362,0
DA:363,0
DA:365,0
DA:368,0
DA:369,0
DA:371,0
DA:372,0
DA:377,0
DA:384,0
DA:404,0
DA:405,0
DA:406,0
DA:407,0
DA:408,0
DA:410,0
DA:411,0
DA:413,0
DA:415,0
DA:417,0
DA:419,0
DA:420,0
DA:422,0
DA:424,0
DA:426,0
DA:427,0
DA:429,0
DA:430,0
DA:431,0
DA:432,0
DA:433,0
DA:434,0
DA:435,0
DA:436,0
DA:442,0
DA:443,0
DA:444,0
DA:445,0
DA:447,0
DA:448,0
DA:450,0
DA:451,0
DA:452,0
DA:454,0
DA:455,0
DA:457,0
DA:458,0
DA:459,0
DA:460,0
DA:461,0
DA:462,0
DA:467,0
DA:468,0
DA:470,0
DA:472,0
DA:474,0
DA:475,0
DA:477,0
DA:479,0
DA:480,0
DA:482,0
DA:483,0
DA:484,0
DA:485,0
DA:486,0
DA:487,0
DA:488,0
DA:489,0
DA:491,0
DA:493,0
DA:494,0
DA:495,0
DA:496,0
DA:499,0
DA:500,0
DA:501,0
DA:502,0
DA:503,0
DA:504,0
DA:510,0
DA:511,0
DA:512,0
DA:514,0
DA:515,0
DA:517,0
DA:518,0
DA:520,0
DA:521,0
DA:523,0
DA:524,0
DA:525,0
DA:526,0
DA:527,0
DA:528,0
DA:529,0
DA:530,0
DA:532,0
DA:534,0
DA:535,0
DA:536,0
DA:539,0
DA:540,0
DA:541,0
DA:542,0
DA:543,0
DA:548,0
DA:557,0
DA:571,0
DA:578,0
DA:580,0
DA:582,0
DA:584,0
DA:590,0
DA:592,0
DA:601,0
DA:603,0
DA:606,0
DA:607,0
DA:613,0
DA:614,0
DA:615,0
DA:617,0
DA:619,0
DA:625,0
DA:626,0
DA:632,0
DA:647,0
DA:653,0
DA:654,0
DA:660,0
DA:661,0
DA:663,0
DA:664,0
DA:668,0
DA:669,0
DA:678,0
DA:690,0
DA:702,0
DA:725,0
DA:726,0
DA:728,0
DA:730,0
DA:731,0
DA:733,0
DA:734,0
DA:735,0
DA:737,0
DA:739,0
DA:740,0
DA:743,0
DA:750,0
DA:752,0
DA:753,0
DA:758,0
DA:761,0
DA:765,0
DA:767,0
DA:768,0
DA:769,0
DA:776,0
DA:781,0
DA:783,0
DA:784,0
DA:788,0
DA:789,0
DA:790,0
DA:796,0
DA:800,0
DA:802,0
DA:803,0
DA:804,0
DA:806,0
DA:807,0
DA:808,0
DA:810,0
DA:811,0
DA:812,0
DA:816,0
DA:822,0
DA:824,0
DA:829,0
DA:830,0
DA:832,0
DA:833,0
DA:835,0
DA:837,0
DA:838,0
DA:840,0
DA:841,0
DA:844,0
DA:853,0
DA:856,0
DA:858,0
DA:859,0
DA:860,0
DA:866,0
DA:867,0
DA:869,0
DA:875,0
DA:877,0
DA:883,0
DA:893,0
DA:898,0
DA:900,0
DA:903,0
DA:904,0
DA:906,0
end_of_record
TN:
SF:/home/ret2basic/AutomateAllTheThings/Fuzzing_101/04_libtiff/fuzzing_tiff/tiff-4.0.4/contrib/addtiffo/addtiffo.c
FN:76,main
FNDA:0,main
DA:76,0
DA:80,0
DA:81,0
DA:83,0
DA:88,0
DA:90,0
DA:95,0
DA:98,0
DA:100,0
DA:102,0
DA:103,0
DA:104,0
DA:106,0
DA:108,0
DA:109,0
DA:110,0
DA:114,0
DA:115,0
DA:124,0
DA:126,0
DA:127,0
DA:128,0
DA:130,0
DA:131,0
DA:133,0
DA:141,0
DA:143,0
DA:145,0
DA:146,0
DA:147,0
DA:148,0
DA:154,0
DA:155,0
DA:157,0
DA:158,0
DA:161,0
DA:164,0
DA:173,0
end_of_record
TN:
SF:/home/ret2basic/AutomateAllTheThings/Fuzzing_101/04_libtiff/fuzzing_tiff/tiff-4.0.4/contrib/addtiffo/tif_ovrcache.c
FN:43,TIFFCreateOvrCache
FNDA:0,TIFFCreateOvrCache
FN:137,TIFFWriteOvrRow
FNDA:0,TIFFWriteOvrRow
FN:269,TIFFGetOvrBlock
FNDA:0,TIFFGetOvrBlock
FN:301,TIFFGetOvrBlock_Subsampled
FNDA:0,TIFFGetOvrBlock_Subsampled
FN:328,TIFFDestroyOvrCache
FNDA:0,TIFFDestroyOvrCache
DA:43,0
DA:49,0
DA:50,0
DA:51,0
DA:56,0
DA:57,0
DA:59,0
DA:60,0
DA:62,0
DA:63,0
DA:64,0
DA:66,0
DA:68,0
DA:69,0
DA:70,0
DA:71,0
DA:75,0
DA:76,0
DA:77,0
DA:78,0
DA:85,0
DA:86,0
DA:87,0
DA:88,0
DA:90,0
DA:91,0
DA:92,0
DA:94,0
DA:95,0
DA:102,0
DA:103,0
DA:104,0
DA:105,0
DA:107,0
DA:108,0
DA:110,0
DA:113,0
DA:114,0
DA:115,0
DA:116,0
DA:119,0
DA:120,0
DA:122,0
DA:124,0
DA:126,0
DA:137,0
DA:140,0
DA:150,0
DA:152,0
DA:153,0
DA:154,0
DA:156,0
DA:157,0
DA:158,0
DA:160,0
DA:161,0
DA:162,0
DA:169,0
DA:170,0
DA:171,0
DA:176,0
DA:180,0
DA:184,0
DA:186,0
DA:188,0
DA:190,0
DA:191,0
DA:192,0
DA:193,0
DA:194,0
DA:200,0
DA:201,0
DA:202,0
DA:203,0
DA:204,0
DA:205,0
DA:206,0
DA:215,0
DA:217,0
DA:219,0
DA:220,0
DA:221,0
DA:223,0
DA:229,0
DA:230,0
DA:232,0
DA:233,0
DA:234,0
DA:235,0
DA:246,0
DA:247,0
DA:248,0
DA:250,0
DA:252,0
DA:257,0
DA:259,0
DA:261,0
DA:269,0
DA:275,0
DA:276,0
DA:278,0
DA:279,0
DA:280,0
DA:282,0
DA:284,0
DA:285,0
DA:286,0
DA:288,0
DA:289,0
DA:291,0
DA:292,0
DA:294,0
DA:301,0
DA:307,0
DA:308,0
DA:310,0
DA:311,0
DA:312,0
DA:314,0
DA:316,0
DA:318,0
DA:319,0
DA:321,0
DA:328,0
DA:331,0
DA:332,0
DA:334,0
DA:335,0
DA:336,0
DA:337,0
end_of_record
TN:
SF:/home/ret2basic/AutomateAllTheThings/Fuzzing_101/04_libtiff/fuzzing_tiff/tiff-4.0.4/libtiff/tif_ojpeg.c
FN:419,TIFFInitOJPEG
FNDA:0,TIFFInitOJPEG
FN:482,OJPEGVGetField
FNDA:0,OJPEGVGetField
FN:524,OJPEGVSetField
FNDA:0,OJPEGVSetField
FN:611,OJPEGPrintDir
FNDA:0,OJPEGPrintDir
FN:651,OJPEGFixupTags
FNDA:0,OJPEGFixupTags
FN:658,OJPEGSetupDecode
FNDA:0,OJPEGSetupDecode
FN:666,OJPEGPreDecode
FNDA:0,OJPEGPreDecode
FN:729,OJPEGPreDecodeSkipRaw
FNDA:0,OJPEGPreDecodeSkipRaw
FN:762,OJPEGPreDecodeSkipScanlines
FNDA:0,OJPEGPreDecodeSkipScanlines
FN:785,OJPEGDecode
FNDA:0,OJPEGDecode
FN:803,OJPEGDecodeRaw
FNDA:0,OJPEGDecodeRaw
FN:858,OJPEGDecodeScanlines
FNDA:0,OJPEGDecodeScanlines
FN:883,OJPEGPostDecode
FNDA:0,OJPEGPostDecode
FN:898,OJPEGSetupEncode
FNDA:0,OJPEGSetupEncode
FN:906,OJPEGPreEncode
FNDA:0,OJPEGPreEncode
FN:915,OJPEGEncode
FNDA:0,OJPEGEncode
FN:926,OJPEGPostEncode
FNDA:0,OJPEGPostEncode
FN:934,OJPEGCleanup
FNDA:0,OJPEGCleanup
FN:981,OJPEGSubsamplingCorrect
FNDA:0,OJPEGSubsamplingCorrect
FN:1036,OJPEGReadHeaderInfo
FNDA:0,OJPEGReadHeaderInfo
FN:1098,OJPEGReadSecondarySos
FNDA:0,OJPEGReadSecondarySos
FN:1148,OJPEGWriteHeaderInfo
FNDA:0,OJPEGWriteHeaderInfo
FN:1242,OJPEGLibjpegSessionAbort
FNDA:0,OJPEGLibjpegSessionAbort
FN:1251,OJPEGReadHeaderInfoSec
FNDA:0,OJPEGReadHeaderInfoSec
FN:1382,OJPEGReadHeaderInfoSecStreamDri
FNDA:0,OJPEGReadHeaderInfoSecStreamDri
FN:1402,OJPEGReadHeaderInfoSecStreamDqt
FNDA:0,OJPEGReadHeaderInfoSecStreamDqt
FN:1464,OJPEGReadHeaderInfoSecStreamDht
FNDA:0,OJPEGReadHeaderInfoSecStreamDht
FN:1541,OJPEGReadHeaderInfoSecStreamSof
FNDA:0,OJPEGReadHeaderInfoSecStreamSof
FN:1693,OJPEGReadHeaderInfoSecStreamSos
FNDA:0,OJPEGReadHeaderInfoSecStreamSos
FN:1741,OJPEGReadHeaderInfoSecTablesQTable
FNDA:0,OJPEGReadHeaderInfoSecTablesQTable
FN:1795,OJPEGReadHeaderInfoSecTablesDcTable
FNDA:0,OJPEGReadHeaderInfoSecTablesDcTable
FN:1859,OJPEGReadHeaderInfoSecTablesAcTable
FNDA:0,OJPEGReadHeaderInfoSecTablesAcTable
FN:1923,OJPEGReadBufferFill
FNDA:0,OJPEGReadBufferFill
FN:2010,OJPEGReadByte
FNDA:0,OJPEGReadByte
FN:2025,OJPEGReadBytePeek
FNDA:0,OJPEGReadBytePeek
FN:2038,OJPEGReadByteAdvance
FNDA:0,OJPEGReadByteAdvance
FN:2046,OJPEGReadWord
FNDA:0,OJPEGReadWord
FN:2059,OJPEGReadBlock
FNDA:0,OJPEGReadBlock
FN:2088,OJPEGReadSkip
FNDA:0,OJPEGReadSkip
FN:2118,OJPEGWriteStream
FNDA:0,OJPEGWriteStream
FN:2191,OJPEGWriteStreamSoi
FNDA:0,OJPEGWriteStreamSoi
FN:2203,OJPEGWriteStreamQTable
FNDA:0,OJPEGWriteStreamQTable
FN:2215,OJPEGWriteStreamDcTable
FNDA:0,OJPEGWriteStreamDcTable
FN:2227,OJPEGWriteStreamAcTable
FNDA:0,OJPEGWriteStreamAcTable
FN:2239,OJPEGWriteStreamDri
FNDA:0,OJPEGWriteStreamDri
FN:2258,OJPEGWriteStreamSof
FNDA:0,OJPEGWriteStreamSof
FN:2294,OJPEGWriteStreamSos
FNDA:0,OJPEGWriteStreamSos
FN:2326,OJPEGWriteStreamCompressed
FNDA:0,OJPEGWriteStreamCompressed
FN:2359,OJPEGWriteStreamRst
FNDA:0,OJPEGWriteStreamRst
FN:2374,OJPEGWriteStreamEoi
FNDA:0,OJPEGWriteStreamEoi
FN:2386,jpeg_create_decompress_encap
FNDA:0,jpeg_create_decompress_encap
FN:2394,jpeg_read_header_encap
FNDA:0,jpeg_read_header_encap
FN:2402,jpeg_start_decompress_encap
FNDA:0,jpeg_start_decompress_encap
FN:2410,jpeg_read_scanlines_encap
FNDA:0,jpeg_read_scanlines_encap
FN:2418,jpeg_read_raw_data_encap
FNDA:0,jpeg_read_raw_data_encap
FN:2426,jpeg_encap_unwind
FNDA:0,jpeg_encap_unwind
FN:2434,OJPEGLibjpegJpegErrorMgrOutputMessage
FNDA:0,OJPEGLibjpegJpegErrorMgrOutputMessage
FN:2442,OJPEGLibjpegJpegErrorMgrErrorExit
FNDA:0,OJPEGLibjpegJpegErrorMgrErrorExit
FN:2451,OJPEGLibjpegJpegSourceMgrInitSource
FNDA:0,OJPEGLibjpegJpegSourceMgrInitSource
FN:2457,OJPEGLibjpegJpegSourceMgrFillInputBuffer
FNDA:0,OJPEGLibjpegJpegSourceMgrFillInputBuffer
FN:2474,OJPEGLibjpegJpegSourceMgrSkipInputData
FNDA:0,OJPEGLibjpegJpegSourceMgrSkipInputData
FN:2483,OJPEGLibjpegJpegSourceMgrResyncToRestart
FNDA:0,OJPEGLibjpegJpegSourceMgrResyncToRestart
FN:2493,OJPEGLibjpegJpegSourceMgrTermSource
FNDA:0,OJPEGLibjpegJpegSourceMgrTermSource
DA:419,0
DA:424,0
DA:429,0
DA:430,0
DA:432,0
DA:436,0
DA:437,0
DA:439,0
DA:440,0
DA:442,0
DA:443,0
DA:444,0
DA:445,0
DA:446,0
DA:447,0
DA:449,0
DA:450,0
DA:451,0
DA:452,0
DA:453,0
DA:454,0
DA:455,0
DA:456,0
DA:457,0
DA:458,0
DA:459,0
DA:460,0
DA:461,0
DA:462,0
DA:463,0
DA:465,0
DA:466,0
DA:467,0
DA:468,0
DA:469,0
DA:470,0
DA:477,0
DA:478,0
DA:482,0
DA:484,0
DA:485,0
DA:487,0
DA:488,0
DA:489,0
DA:490,0
DA:491,0
DA:492,0
DA:493,0
DA:494,0
DA:495,0
DA:496,0
DA:497,0
DA:498,0
DA:499,0
DA:500,0
DA:501,0
DA:502,0
DA:503,0
DA:504,0
DA:505,0
DA:506,0
DA:507,0
DA:508,0
DA:509,0
DA:510,0
DA:511,0
DA:512,0
DA:513,0
DA:514,0
DA:515,0
DA:516,0
DA:517,0
DA:518,0
DA:520,0
DA:524,0
DA:527,0
DA:533,0
DA:535,0
DA:536,0
DA:537,0
DA:538,0
DA:539,0
DA:540,0
DA:541,0
DA:542,0
DA:543,0
DA:544,0
DA:545,0
DA:546,0
DA:547,0
DA:548,0
DA:549,0
DA:550,0
DA:552,0
DA:554,0
DA:555,0
DA:557,0
DA:558,0
DA:559,0
DA:560,0
DA:562,0
DA:563,0
DA:564,0
DA:565,0
DA:567,0
DA:569,0
DA:570,0
DA:572,0
DA:573,0
DA:574,0
DA:575,0
DA:577,0
DA:578,0
DA:579,0
DA:580,0
DA:582,0
DA:584,0
DA:585,0
DA:587,0
DA:588,0
DA:589,0
DA:590,0
DA:592,0
DA:593,0
DA:594,0
DA:595,0
DA:596,0
DA:597,0
DA:598,0
DA:599,0
DA:600,0
DA:602,0
DA:603,0
DA:604,0
DA:605,0
DA:606,0
DA:607,0
DA:611,0
DA:613,0
DA:616,0
DA:617,0
DA:618,0
DA:619,0
DA:620,0
DA:621,0
DA:623,0
DA:624,0
DA:625,0
DA:626,0
DA:628,0
DA:630,0
DA:631,0
DA:632,0
DA:633,0
DA:635,0
DA:637,0
DA:638,0
DA:639,0
DA:640,0
DA:642,0
DA:643,0
DA:644,0
DA:645,0
DA:646,0
DA:647,0
DA:648,0
DA:651,0
DA:654,0
DA:658,0
DA:661,0
DA:662,0
DA:666,0
DA:668,0
DA:670,0
DA:671,0
DA:672,0
DA:674,0
DA:675,0
DA:677,0
DA:679,0
DA:680,0
DA:682,0
DA:683,0
DA:685,0
DA:686,0
DA:688,0
DA:689,0
DA:690,0
DA:692,0
DA:694,0
DA:695,0
DA:696,0
DA:697,0
DA:698,0
DA:700,0
DA:701,0
DA:702,0
DA:703,0
DA:704,0
DA:705,0
DA:706,0
DA:708,0
DA:709,0
DA:711,0
DA:713,0
DA:715,0
DA:716,0
DA:720,0
DA:721,0
DA:723,0
DA:725,0
DA:729,0
DA:731,0
DA:733,0
DA:734,0
DA:736,0
DA:738,0
DA:739,0
DA:740,0
DA:741,0
DA:743,0
DA:744,0
DA:746,0
DA:748,0
DA:749,0
DA:750,0
DA:752,0
DA:754,0
DA:755,0
DA:756,0
DA:758,0
DA:762,0
DA:765,0
DA:767,0
DA:769,0
DA:770,0
DA:772,0
DA:773,0
DA:776,0
DA:778,0
DA:779,0
DA:781,0
DA:785,0
DA:787,0
DA:789,0
DA:791,0
DA:792,0
DA:796,0
DA:797,0
DA:799,0
DA:803,0
DA:806,0
DA:816,0
DA:818,0
DA:819,0
DA:821,0
DA:822,0
DA:823,0
DA:826,0
DA:828,0
DA:829,0
DA:831,0
DA:832,0
DA:833,0
DA:834,0
DA:835,0
DA:837,0
DA:838,0
DA:840,0
DA:841,0
DA:842,0
DA:844,0
DA:845,0
DA:846,0
DA:848,0
DA:849,0
DA:850,0
DA:851,0
DA:852,0
DA:853,0
DA:854,0
DA:858,0
DA:861,0
DA:864,0
DA:866,0
DA:867,0
DA:869,0
DA:870,0
DA:871,0
DA:874,0
DA:875,0
DA:876,0
DA:877,0
DA:878,0
DA:879,0
DA:883,0
DA:885,0
DA:888,0
DA:889,0
DA:891,0
DA:892,0
DA:893,0
DA:895,0
DA:898,0
DA:901,0
DA:902,0
DA:906,0
DA:910,0
DA:911,0
DA:915,0
DA:921,0
DA:922,0
DA:926,0
DA:929,0
DA:930,0
DA:934,0
DA:936,0
DA:937,0
DA:939,0
DA:940,0
DA:941,0
DA:942,0
DA:943,0
DA:944,0
DA:945,0
DA:946,0
DA:947,0
DA:948,0
DA:949,0
DA:950,0
DA:951,0
DA:952,0
DA:953,0
DA:954,0
DA:955,0
DA:956,0
DA:957,0
DA:958,0
DA:959,0
DA:960,0
DA:961,0
DA:962,0
DA:963,0
DA:964,0
DA:965,0
DA:966,0
DA:967,0
DA:968,0
DA:969,0
DA:970,0
DA:971,0
DA:972,0
DA:973,0
DA:974,0
DA:975,0
DA:976,0
DA:978,0
DA:981,0
DA:984,0
DA:987,0
DA:989,0
DA:990,0
DA:991,0
DA:993,0
DA:994,0
DA:995,0
DA:996,0
DA:997,0
DA:1001,0
DA:1002,0
DA:1003,0
DA:1004,0
DA:1005,0
DA:1006,0
DA:1008,0
DA:1009,0
DA:1011,0
DA:1012,0
DA:1014,0
DA:1015,0
DA:1017,0
DA:1019,0
DA:1021,0
DA:1022,0
DA:1024,0
DA:1026,0
DA:1028,0
DA:1029,0
DA:1032,0
DA:1033,0
DA:1036,0
DA:1039,0
DA:1040,0
DA:1041,0
DA:1042,0
DA:1043,0
DA:1045,0
DA:1046,0
DA:1047,0
DA:1051,0
DA:1052,0
DA:1053,0
DA:1055,0
DA:1057,0
DA:1058,0
DA:1059,0
DA:1060,0
DA:1061,0
DA:1065,0
DA:1067,0
DA:1068,0
DA:1070,0
DA:1071,0
DA:1072,0
DA:1073,0
DA:1075,0
DA:1077,0
DA:1079,0
DA:1081,0
DA:1082,0
DA:1084,0
DA:1086,0
DA:1087,0
DA:1088,0
DA:1089,0
DA:1090,0
DA:1091,0
DA:1092,0
DA:1093,0
DA:1094,0
DA:1098,0
DA:1100,0
DA:1102,0
DA:1103,0
DA:1104,0
DA:1105,0
DA:1106,0
DA:1107,0
DA:1108,0
DA:1109,0
DA:1110,0
DA:1111,0
DA:1112,0
DA:1113,0
DA:1114,0
DA:1115,0
DA:1116,0
DA:1120,0
DA:1121,0
DA:1122,0
DA:1126,0
DA:1127,0
DA:1128,0
DA:1129,0
DA:1131,0
DA:1132,0
DA:1135,0
DA:1136,0
DA:1137,0
DA:1138,0
DA:1139,0
DA:1140,0
DA:1141,0
DA:1142,0
DA:1144,0
DA:1148,0
DA:1151,0
DA:1155,0
DA:1156,0
DA:1157,0
DA:1158,0
DA:1159,0
DA:1160,0
DA:1161,0
DA:1162,0
DA:1163,0
DA:1164,0
DA:1165,0
DA:1166,0
DA:1167,0
DA:1168,0
DA:1169,0
DA:1170,0
DA:1171,0
DA:1172,0
DA:1173,0
DA:1174,0
DA:1175,0
DA:1176,0
DA:1178,0
DA:1180,0
DA:1182,0
DA:1183,0
DA:1185,0
DA:1186,0
DA:1187,0
DA:1188,0
DA:1189,0
DA:1190,0
DA:1191,0
DA:1192,0
DA:1193,0
DA:1194,0
DA:1195,0
DA:1197,0
DA:1198,0
DA:1200,0
DA:1201,0
DA:1202,0
DA:1203,0
DA:1204,0
DA:1205,0
DA:1207,0
DA:1208,0
DA:1210,0
DA:1211,0
DA:1212,0
DA:1213,0
DA:1214,0
DA:1215,0
DA:1216,0
DA:1217,0
DA:1218,0
DA:1219,0
DA:1220,0
DA:1221,0
DA:1222,0
DA:1223,0
DA:1224,0
DA:1229,0
DA:1230,0
DA:1231,0
DA:1232,0
DA:1233,0
DA:1235,0
DA:1236,0
DA:1237,0
DA:1238,0
DA:1242,0
DA:1244,0
DA:1245,0
DA:1246,0
DA:1247,0
DA:1248,0
DA:1251,0
DA:1254,0
DA:1258,0
DA:1259,0
DA:1260,0
DA:1262,0
DA:1264,0
DA:1265,0
DA:1269,0
DA:1270,0
DA:1273,0
DA:1274,0
DA:1275,0
DA:1276,0
DA:1277,0
DA:1280,0
DA:1281,0
DA:1282,0
DA:1283,0
DA:1284,0
DA:1287,0
DA:1288,0
DA:1289,0
DA:1290,0
DA:1292,0
DA:1294,0
DA:1295,0
DA:1313,0
DA:1314,0
DA:1315,0
DA:1317,0
DA:1318,0
DA:1319,0
DA:1321,0
DA:1322,0
DA:1323,0
DA:1324,0
DA:1325,0
DA:1326,0
DA:1327,0
DA:1328,0
DA:1329,0
DA:1330,0
DA:1331,0
DA:1332,0
DA:1333,0
DA:1334,0
DA:1335,0
DA:1336,0
DA:1339,0
DA:1340,0
DA:1341,0
DA:1342,0
DA:1343,0
DA:1344,0
DA:1345,0
DA:1346,0
DA:1347,0
DA:1348,0
DA:1349,0
DA:1350,0
DA:1351,0
DA:1352,0
DA:1353,0
DA:1355,0
DA:1356,0
DA:1357,0
DA:1358,0
DA:1360,0
DA:1361,0
DA:1362,0
DA:1363,0
DA:1364,0
DA:1365,0
DA:1366,0
DA:1367,0
DA:1368,0
DA:1369,0
DA:1370,0
DA:1371,0
DA:1372,0
DA:1373,0
DA:1374,0
DA:1375,0
DA:1376,0
DA:1378,0
DA:1382,0
DA:1386,0
DA:1388,0
DA:1389,0
DA:1390,0
DA:1392,0
DA:1393,0
DA:1395,0
DA:1396,0
DA:1397,0
DA:1398,0
DA:1402,0
DA:1406,0
DA:1411,0
DA:1412,0
DA:1413,0
DA:1415,0
DA:1416,0
DA:1417,0
DA:1419,0
DA:1420,0
DA:1423,0
DA:1426,0
DA:1428,0
DA:1429,0
DA:1431,0
DA:1432,0
DA:1433,0
DA:1435,0
DA:1436,0
DA:1438,0
DA:1439,0
DA:1440,0
DA:1441,0
DA:1442,0
DA:1443,0
DA:1444,0
DA:1445,0
DA:1447,0
DA:1448,0
DA:1450,0
DA:1451,0
DA:1452,0
DA:1454,0
DA:1455,0
DA:1456,0
DA:1457,0
DA:1458,0
DA:1460,0
DA:1464,0
DA:1469,0
DA:1474,0
DA:1475,0
DA:1476,0
DA:1478,0
DA:1479,0
DA:1480,0
DA:1482,0
DA:1484,0
DA:1488,0
DA:1489,0
DA:1490,0
DA:1492,0
DA:1493,0
DA:1495,0
DA:1496,0
DA:1497,0
DA:1498,0
DA:1499,0
DA:1500,0
DA:1501,0
DA:1502,0
DA:1504,0
DA:1505,0
DA:1507,0
DA:1509,0
DA:1510,0
DA:1511,0
DA:1513,0
DA:1514,0
DA:1515,0
DA:1519,0
DA:1521,0
DA:1522,0
DA:1523,0
DA:1525,0
DA:1526,0
DA:1528,0
DA:1529,0
DA:1530,0
DA:1532,0
DA:1533,0
DA:1534,0
DA:1537,0
DA:1541,0
DA:1545,0
DA:1551,0
DA:1553,0
DA:1554,0
DA:1556,0
DA:1557,0
DA:1559,0
DA:1560,0
DA:1561,0
DA:1563,0
DA:1564,0
DA:1565,0
DA:1567,0
DA:1568,0
DA:1570,0
DA:1571,0
DA:1572,0
DA:1574,0
DA:1575,0
DA:1577,0
DA:1579,0
DA:1580,0
DA:1584,0
DA:1585,0
DA:1586,0
DA:1588,0
DA:1589,0
DA:1590,0
DA:1593,0
DA:1594,0
DA:1598,0
DA:1599,0
DA:1600,0
DA:1602,0
DA:1603,0
DA:1605,0
DA:1607,0
DA:1608,0
DA:1609,0
DA:1611,0
DA:1612,0
DA:1614,0
DA:1616,0
DA:1617,0
DA:1619,0
DA:1622,0
DA:1623,0
DA:1624,0
DA:1626,0
DA:1627,0
DA:1628,0
DA:1632,0
DA:1635,0
DA:1636,0
DA:1637,0
DA:1638,0
DA:1640,0
DA:1641,0
DA:1642,0
DA:1644,0
DA:1646,0
DA:1647,0
DA:1648,0
DA:1649,0
DA:1650,0
DA:1654,0
DA:1655,0
DA:1660,0
DA:1661,0
DA:1663,0
DA:1665,0
DA:1667,0
DA:1668,0
DA:1673,0
DA:1675,0
DA:1676,0
DA:1682,0
DA:1683,0
DA:1684,0
DA:1685,0
DA:1687,0
DA:1688,0
DA:1689,0
DA:1693,0
DA:1697,0
DA:1701,0
DA:1702,0
DA:1704,0
DA:1705,0
DA:1708,0
DA:1709,0
DA:1710,0
DA:1712,0
DA:1713,0
DA:1716,0
DA:1717,0
DA:1718,0
DA:1720,0
DA:1721,0
DA:1724,0
DA:1727,0
DA:1728,0
DA:1729,0
DA:1731,0
DA:1732,0
DA:1733,0
DA:1736,0
DA:1737,0
DA:1741,0
DA:1744,0
DA:1750,0
DA:1752,0
DA:1753,0
DA:1755,0
DA:1756,0
DA:1758,0
DA:1760,0
DA:1762,0
DA:1764,0
DA:1765,0
DA:1768,0
DA:1769,0
DA:1770,0
DA:1772,0
DA:1773,0
DA:1775,0
DA:1776,0
DA:1777,0
DA:1778,0
DA:1779,0
DA:1780,0
DA:1781,0
DA:1782,0
DA:1783,0
DA:1784,0
DA:1785,0
DA:1786,0
DA:1789,0
DA:1791,0
DA:1795,0
DA:1798,0
DA:1806,0
DA:1808,0
DA:1809,0
DA:1811,0
DA:1812,0
DA:1814,0
DA:1816,0
DA:1818,0
DA:1820,0
DA:1821,0
DA:1824,0
DA:1825,0
DA:1826,0
DA:1827,0
DA:1828,0
DA:1829,0
DA:1830,0
DA:1831,0
DA:1832,0
DA:1833,0
DA:1835,0
DA:1836,0
DA:1838,0
DA:1839,0
DA:1840,0
DA:1841,0
DA:1842,0
DA:1843,0
DA:1844,0
DA:1845,0
DA:1846,0
DA:1847,0
DA:1848,0
DA:1849,0
DA:1850,0
DA:1853,0
DA:1855,0
DA:1859,0
DA:1862,0
DA:1870,0
DA:1872,0
DA:1873,0
DA:1875,0
DA:1876,0
DA:1878,0
DA:1880,0
DA:1882,0
DA:1884,0
DA:1885,0
DA:1888,0
DA:1889,0
DA:1890,0
DA:1891,0
DA:1892,0
DA:1893,0
DA:1894,0
DA:1895,0
DA:1896,0
DA:1897,0
DA:1899,0
DA:1900,0
DA:1902,0
DA:1903,0
DA:1904,0
DA:1905,0
DA:1906,0
DA:1907,0
DA:1908,0
DA:1909,0
DA:1910,0
DA:1911,0
DA:1912,0
DA:1913,0
DA:1914,0
DA:1917,0
DA:1919,0
DA:1923,0
DA:1931,0
DA:1933,0
DA:1935,0
DA:1936,0
DA:1938,0
DA:1939,0
DA:1940,0
DA:1941,0
DA:1942,0
DA:1943,0
DA:1944,0
DA:1945,0
DA:1946,0
DA:1947,0
DA:1948,0
DA:1949,0
DA:1950,0
DA:1951,0
DA:1952,0
DA:1953,0
DA:1955,0
DA:1956,0
DA:1958,0
DA:1959,0
DA:1961,0
DA:1962,0
DA:1964,0
DA:1965,0
DA:1966,0
DA:1967,0
DA:1968,0
DA:1969,0
DA:1970,0
DA:1971,0
DA:1972,0
DA:1973,0
DA:1975,0
DA:1976,0
DA:1979,0
DA:1980,0
DA:1982,0
DA:1983,0
DA:1984,0
DA:1985,0
DA:1988,0
DA:1989,0
DA:1990,0
DA:1992,0
DA:1993,0
DA:1994,0
DA:1995,0
DA:1996,0
DA:1999,0
DA:2001,0
DA:2002,0
DA:2003,0
DA:2006,0
DA:2010,0
DA:2012,0
DA:2014,0
DA:2015,0
DA:2016,0
DA:2018,0
DA:2019,0
DA:2020,0
DA:2021,0
DA:2025,0
DA:2027,0
DA:2029,0
DA:2030,0
DA:2031,0
DA:2033,0
DA:2034,0
DA:2038,0
DA:2040,0
DA:2041,0
DA:2042,0
DA:2043,0
DA:2046,0
DA:2049,0
DA:2050,0
DA:2051,0
DA:2052,0
DA:2053,0
DA:2054,0
DA:2055,0
DA:2059,0
DA:2064,0
DA:2065,0
DA:2066,0
DA:2069,0
DA:2071,0
DA:2072,0
DA:2073,0
DA:2075,0
DA:2076,0
DA:2077,0
DA:2078,0
DA:2079,0
DA:2080,0
DA:2081,0
DA:2082,0
DA:2083,0
DA:2084,0
DA:2088,0
DA:2092,0
DA:2093,0
DA:2094,0
DA:2095,0
DA:2096,0
DA:2097,0
DA:2098,0
DA:2099,0
DA:2101,0
DA:2102,0
DA:2103,0
DA:2104,0
DA:2105,0
DA:2106,0
DA:2107,0
DA:2115,0
DA:2118,0
DA:2120,0
DA:2121,0
DA:2124,0
DA:2125,0
DA:2127,0
DA:2128,0
DA:2129,0
DA:2130,0
DA:2131,0
DA:2132,0
DA:2133,0
DA:2134,0
DA:2135,0
DA:2136,0
DA:2137,0
DA:2138,0
DA:2139,0
DA:2140,0
DA:2141,0
DA:2142,0
DA:2143,0
DA:2144,0
DA:2145,0
DA:2146,0
DA:2147,0
DA:2148,0
DA:2149,0
DA:2150,0
DA:2151,0
DA:2152,0
DA:2153,0
DA:2154,0
DA:2155,0
DA:2156,0
DA:2157,0
DA:2158,0
DA:2159,0
DA:2160,0
DA:2161,0
DA:2162,0
DA:2163,0
DA:2164,0
DA:2165,0
DA:2166,0
DA:2167,0
DA:2168,0
DA:2169,0
DA:2170,0
DA:2171,0
DA:2172,0
DA:2173,0
DA:2174,0
DA:2175,0
DA:2176,0
DA:2177,0
DA:2178,0
DA:2179,0
DA:2180,0
DA:2181,0
DA:2182,0
DA:2183,0
DA:2184,0
DA:2186,0
DA:2187,0
DA:2191,0
DA:2193,0
DA:2195,0
DA:2196,0
DA:2197,0
DA:2198,0
DA:2199,0
DA:2200,0
DA:2203,0
DA:2205,0
DA:2206,0
DA:2208,0
DA:2209,0
DA:2211,0
DA:2212,0
DA:2215,0
DA:2217,0
DA:2218,0
DA:2220,0
DA:2221,0
DA:2223,0
DA:2224,0
DA:2227,0
DA:2229,0
DA:2230,0
DA:2232,0
DA:2233,0
DA:2235,0
DA:2236,0
DA:2239,0
DA:2241,0
DA:2243,0
DA:2245,0
DA:2246,0
DA:2247,0
DA:2248,0
DA:2249,0
DA:2250,0
DA:2251,0
DA:2252,0
DA:2254,0
DA:2255,0
DA:2258,0
DA:2260,0
DA:2262,0
DA:2263,0
DA:2264,0
DA:2265,0
DA:2267,0
DA:2268,0
DA:2270,0
DA:2272,0
DA:2273,0
DA:2275,0
DA:2276,0
DA:2278,0
DA:2279,0
DA:2282,0
DA:2284,0
DA:2286,0
DA:2288,0
DA:2289,0
DA:2290,0
DA:2291,0
DA:2294,0
DA:2296,0
DA:2298,0
DA:2299,0
DA:2300,0
DA:2301,0
DA:2303,0
DA:2304,0
DA:2306,0
DA:2307,0
DA:2310,0
DA:2312,0
DA:2315,0
DA:2317,0
DA:2319,0
DA:2320,0
DA:2321,0
DA:2322,0
DA:2323,0
DA:2326,0
DA:2328,0
DA:2329,0
DA:2331,0
DA:2332,0
DA:2333,0
DA:2335,0
DA:2336,0
DA:2337,0
DA:2338,0
DA:2340,0
DA:2342,0
DA:2343,0
DA:2344,0
DA:2346,0
DA:2347,0
DA:2348,0
DA:2349,0
DA:2350,0
DA:2351,0
DA:2352,0
DA:2354,0
DA:2355,0
DA:2359,0
DA:2361,0
DA:2363,0
DA:2364,0
DA:2365,0
DA:2366,0
DA:2367,0
DA:2368,0
DA:2369,0
DA:2370,0
DA:2371,0
DA:2374,0
DA:2376,0
DA:2378,0
DA:2379,0
DA:2380,0
DA:2381,0
DA:2382,0
DA:2386,0
DA:2388,0
DA:2394,0
DA:2396,0
DA:2402,0
DA:2404,0
DA:2410,0
DA:2412,0
DA:2418,0
DA:2420,0
DA:2426,0
DA:2428,0
DA:2429,0
DA:2434,0
DA:2437,0
DA:2438,0
DA:2439,0
DA:2442,0
DA:2445,0
DA:2446,0
DA:2447,0
DA:2448,0
DA:2451,0
DA:2454,0
DA:2457,0
DA:2459,0
DA:2460,0
DA:2461,0
DA:2462,0
DA:2463,0
DA:2465,0
DA:2466,0
DA:2468,0
DA:2469,0
DA:2470,0
DA:2474,0
DA:2476,0
DA:2478,0
DA:2479,0
DA:2480,0
DA:2483,0
DA:2485,0
DA:2487,0
DA:2488,0
DA:2489,0
DA:2493,0
DA:2496,0
end_of_record
TN:
SF:/home/ret2basic/AutomateAllTheThings/Fuzzing_101/04_libtiff/fuzzing_tiff/tiff-4.0.4/libtiff/tif_predict.c
FN:53,PredictorSetup
FNDA:0,PredictorSetup
FN:104,PredictorSetupDecode
FNDA:0,PredictorSetupDecode
FN:183,PredictorSetupEncode
FNDA:0,PredictorSetupEncode
FN:243,horAcc8
FNDA:0,horAcc8
FN:293,swabHorAcc16
FNDA:0,swabHorAcc16
FN:312,horAcc16
FNDA:0,horAcc16
FN:330,swabHorAcc32
FNDA:0,swabHorAcc32
FN:349,horAcc32
FNDA:0,horAcc32
FN:370,fpAcc
FNDA:0,fpAcc
FN:409,PredictorDecodeRow
FNDA:0,PredictorDecodeRow
FN:432,PredictorDecodeTile
FNDA:0,PredictorDecodeTile
FN:455,horDiff8
FNDA:0,horDiff8
FN:502,horDiff16
FNDA:0,horDiff16
FN:522,horDiff32
FNDA:0,horDiff32
FN:545,fpDiff
FNDA:0,fpDiff
FN:580,PredictorEncodeRow
FNDA:0,PredictorEncodeRow
FN:594,PredictorEncodeTile
FNDA:0,PredictorEncodeTile
FN:644,PredictorVSetField
FNDA:0,PredictorVSetField
FN:664,PredictorVGetField
FNDA:0,PredictorVGetField
FN:682,PredictorPrintDir
FNDA:0,PredictorPrintDir
FN:701,TIFFPredictorInit
FNDA:0,TIFFPredictorInit
FN:742,TIFFPredictorCleanup
FNDA:0,TIFFPredictorCleanup
DA:53,0
DA:57,0
DA:58,0
DA:60,0
DA:62,0
DA:63,0
DA:64,0
DA:65,0
DA:66,0
DA:67,0
DA:68,0
DA:70,0
DA:71,0
DA:73,0
DA:74,0
DA:75,0
DA:76,0
DA:78,0
DA:79,0
DA:81,0
DA:82,0
DA:83,0
DA:86,0
DA:88,0
DA:89,0
DA:93,0
DA:94,0
DA:96,0
DA:97,0
DA:98,0
DA:100,0
DA:104,0
DA:106,0
DA:107,0
DA:109,0
DA:110,0
DA:112,0
DA:113,0
DA:114,0
DA:115,0
DA:116,0
DA:122,0
DA:124,0
DA:125,0
DA:126,0
DA:127,0
DA:128,0
DA:129,0
DA:139,0
DA:140,0
DA:141,0
DA:142,0
DA:143,0
DA:144,0
DA:145,0
DA:150,0
DA:151,0
DA:156,0
DA:158,0
DA:159,0
DA:160,0
DA:161,0
DA:162,0
DA:163,0
DA:170,0
DA:171,0
DA:179,0
DA:183,0
DA:185,0
DA:186,0
DA:188,0
DA:189,0
DA:191,0
DA:192,0
DA:193,0
DA:194,0
DA:195,0
DA:201,0
DA:203,0
DA:204,0
DA:205,0
DA:206,0
DA:207,0
DA:208,0
DA:212,0
DA:213,0
DA:218,0
DA:220,0
DA:221,0
DA:222,0
DA:223,0
DA:224,0
DA:225,0
DA:229,0
DA:243,0
DA:245,0
DA:247,0
DA:248,0
DA:249,0
DA:253,0
DA:254,0
DA:255,0
DA:256,0
DA:257,0
DA:258,0
DA:259,0
DA:260,0
DA:261,0
DA:262,0
DA:263,0
DA:264,0
DA:266,0
DA:267,0
DA:268,0
DA:269,0
DA:270,0
DA:271,0
DA:272,0
DA:273,0
DA:274,0
DA:275,0
DA:276,0
DA:277,0
DA:278,0
DA:279,0
DA:282,0
DA:284,0
DA:286,0
DA:287,0
DA:290,0
DA:293,0
DA:295,0
DA:296,0
DA:297,0
DA:299,0
DA:301,0
DA:302,0
DA:303,0
DA:305,0
DA:306,0
DA:307,0
DA:309,0
DA:312,0
DA:314,0
DA:315,0
DA:316,0
DA:318,0
DA:320,0
DA:321,0
DA:323,0
DA:324,0
DA:325,0
DA:327,0
DA:330,0
DA:332,0
DA:333,0
DA:334,0
DA:336,0
DA:338,0
DA:339,0
DA:340,0
DA:342,0
DA:343,0
DA:344,0
DA:346,0
DA:349,0
DA:351,0
DA:352,0
DA:353,0
DA:355,0
DA:357,0
DA:358,0
DA:360,0
DA:361,0
DA:362,0
DA:364,0
DA:370,0
DA:372,0
DA:373,0
DA:374,0
DA:375,0
DA:376,0
DA:377,0
DA:379,0
DA:381,0
DA:382,0
DA:384,0
DA:385,0
DA:386,0
DA:389,0
DA:390,0
DA:391,0
DA:393,0
DA:397,0
DA:398,0
DA:402,0
DA:409,0
DA:411,0
DA:413,0
DA:414,0
DA:415,0
DA:417,0
DA:418,0
DA:419,0
DA:421,0
DA:432,0
DA:434,0
DA:436,0
DA:437,0
DA:439,0
DA:440,0
DA:441,0
DA:442,0
DA:443,0
DA:444,0
DA:445,0
DA:446,0
DA:447,0
DA:449,0
DA:451,0
DA:455,0
DA:457,0
DA:458,0
DA:459,0
DA:461,0
DA:463,0
DA:464,0
DA:468,0
DA:470,0
DA:471,0
DA:472,0
DA:474,0
DA:475,0
DA:476,0
DA:477,0
DA:478,0
DA:479,0
DA:481,0
DA:482,0
DA:483,0
DA:484,0
DA:486,0
DA:487,0
DA:488,0
DA:489,0
DA:490,0
DA:491,0
DA:493,0
DA:495,0
DA:496,0
DA:499,0
DA:502,0
DA:504,0
DA:505,0
DA:506,0
DA:507,0
DA:509,0
DA:511,0
DA:512,0
DA:513,0
DA:515,0
DA:516,0
DA:517,0
DA:519,0
DA:522,0
DA:524,0
DA:525,0
DA:526,0
DA:527,0
DA:529,0
DA:531,0
DA:532,0
DA:533,0
DA:535,0
DA:536,0
DA:537,0
DA:539,0
DA:545,0
DA:547,0
DA:548,0
DA:549,0
DA:551,0
DA:552,0
DA:554,0
DA:556,0
DA:557,0
DA:559,0
DA:560,0
DA:562,0
DA:566,0
DA:567,0
DA:571,0
DA:573,0
DA:574,0
DA:575,0
DA:576,0
DA:580,0
DA:582,0
DA:584,0
DA:585,0
DA:586,0
DA:589,0
DA:590,0
DA:594,0
DA:597,0
DA:599,0
DA:603,0
DA:604,0
DA:605,0
DA:611,0
DA:612,0
DA:614,0
DA:617,0
DA:619,0
DA:620,0
DA:622,0
DA:623,0
DA:624,0
DA:625,0
DA:626,0
DA:627,0
DA:628,0
DA:630,0
DA:632,0
DA:634,0
DA:644,0
DA:646,0
DA:648,0
DA:649,0
DA:651,0
DA:652,0
DA:653,0
DA:654,0
DA:655,0
DA:656,0
DA:657,0
DA:659,0
DA:660,0
DA:664,0
DA:666,0
DA:668,0
DA:669,0
DA:671,0
DA:672,0
DA:673,0
DA:674,0
DA:675,0
DA:676,0
DA:678,0
DA:682,0
DA:684,0
DA:687,0
DA:688,0
DA:689,0
DA:690,0
DA:691,0
DA:692,0
DA:694,0
DA:696,0
DA:697,0
DA:698,0
DA:701,0
DA:703,0
DA:705,0
DA:710,0
DA:712,0
DA:714,0
DA:720,0
DA:721,0
DA:723,0
DA:724,0
DA:726,0
DA:727,0
DA:730,0
DA:731,0
DA:732,0
DA:733,0
DA:735,0
DA:736,0
DA:737,0
DA:738,0
DA:742,0
DA:744,0
DA:746,0
DA:748,0
DA:749,0
DA:750,0
DA:751,0
DA:752,0
DA:754,0
end_of_record
TN:
SF:/home/ret2basic/AutomateAllTheThings/Fuzzing_101/04_libtiff/fuzzing_tiff/tiff-4.0.4/libtiff/tif_thunder.c
FN:71,ThunderSetupDecode
FNDA:0,ThunderSetupDecode
FN:88,ThunderDecode
FNDA:0,ThunderDecode
FN:168,ThunderDecodeRow
FNDA:0,ThunderDecodeRow
FN:189,TIFFInitThunderScan
FNDA:0,TIFFInitThunderScan
DA:71,0
DA:75,0
DA:77,0
DA:79,0
DA:80,0
DA:84,0
DA:88,0
DA:96,0
DA:97,0
DA:98,0
DA:99,0
DA:100,0
DA:103,0
DA:104,0
DA:105,0
DA:110,0
DA:111,0
DA:112,0
DA:114,0
DA:115,0
DA:116,0
DA:117,0
DA:118,0
DA:120,0
DA:121,0
DA:122,0
DA:123,0
DA:124,0
DA:125,0
DA:126,0
DA:127,0
DA:128,0
DA:129,0
DA:130,0
DA:131,0
DA:132,0
DA:133,0
DA:134,0
DA:135,0
DA:136,0
DA:137,0
DA:138,0
DA:139,0
DA:140,0
DA:142,0
DA:143,0
DA:144,0
DA:145,0
DA:154,0
DA:157,0
DA:161,0
DA:164,0
DA:168,0
DA:171,0
DA:174,0
DA:176,0
DA:177,0
DA:179,0
DA:180,0
DA:181,0
DA:182,0
DA:183,0
DA:185,0
DA:189,0
DA:193,0
DA:194,0
DA:195,0
DA:196,0
end_of_record
TN:
SF:/home/ret2basic/AutomateAllTheThings/Fuzzing_101/04_libtiff/fuzzing_tiff/tiff-4.0.4/libtiff/tif_strip.c
FN:38,TIFFComputeStrip
FNDA:0,TIFFComputeStrip
FN:61,TIFFNumberOfStrips
FNDA:0,TIFFNumberOfStrips
FN:78,TIFFVStripSize64
FNDA:0,TIFFVStripSize64
FN:130,TIFFVStripSize
FNDA:0,TIFFVStripSize
FN:149,TIFFRawStripSize64
FNDA:0,TIFFRawStripSize64
FN:174,TIFFRawStripSize
FNDA:0,TIFFRawStripSize
FN:203,TIFFStripSize64
FNDA:0,TIFFStripSize64
FN:212,TIFFStripSize
FNDA:0,TIFFStripSize
FN:234,TIFFDefaultStripSize
FNDA:0,TIFFDefaultStripSize
FN:240,_TIFFDefaultStripSize
FNDA:0,_TIFFDefaultStripSize
FN:274,TIFFScanlineSize64
FNDA:0,TIFFScanlineSize64
FN:331,TIFFScanlineSize
FNDA:0,TIFFScanlineSize
FN:352,TIFFRasterScanlineSize64
FNDA:0,TIFFRasterScanlineSize64
FN:367,TIFFRasterScanlineSize
FNDA:0,TIFFRasterScanlineSize
DA:38,0
DA:41,0
DA:44,0
DA:45,0
DA:46,0
DA:47,0
DA:49,0
DA:50,0
DA:52,0
DA:54,0
DA:61,0
DA:63,0
DA:66,0
DA:67,0
DA:68,0
DA:69,0
DA:71,0
DA:78,0
DA:81,0
DA:82,0
DA:83,0
DA:84,0
DA:85,0
DA:86,0
DA:102,0
DA:104,0
DA:106,0
DA:108,0
DA:110,0
DA:111,0
DA:113,0
DA:115,0
DA:116,0
DA:117,0
DA:119,0
DA:120,0
DA:121,0
DA:122,0
DA:123,0
DA:124,0
DA:127,0
DA:130,0
DA:135,0
DA:136,0
DA:137,0
DA:139,0
DA:140,0
DA:142,0
DA:149,0
DA:152,0
DA:153,0
DA:155,0
DA:163,0
DA:168,0
DA:171,0
DA:174,0
DA:179,0
DA:180,0
DA:181,0
DA:184,0
DA:185,0
DA:187,0
DA:188,0
DA:191,0
DA:203,0
DA:205,0
DA:206,0
DA:207,0
DA:208,0
DA:209,0
DA:212,0
DA:217,0
DA:218,0
DA:219,0
DA:221,0
DA:222,0
DA:224,0
DA:234,0
DA:236,0
DA:240,0
DA:242,0
DA:250,0
DA:251,0
DA:252,0
DA:253,0
DA:254,0
DA:255,0
DA:256,0
DA:257,0
DA:258,0
DA:260,0
DA:274,0
DA:277,0
DA:279,0
DA:281,0
DA:282,0
DA:283,0
DA:284,0
DA:290,0
DA:292,0
DA:294,0
DA:296,0
DA:299,0
DA:300,0
DA:302,0
DA:304,0
DA:306,0
DA:307,0
DA:308,0
DA:309,0
DA:310,0
DA:315,0
DA:316,0
DA:321,0
DA:323,0
DA:325,0
DA:326,0
DA:328,0
DA:331,0
DA:336,0
DA:337,0
DA:338,0
DA:339,0
DA:340,0
DA:342,0
DA:352,0
DA:355,0
DA:358,0
DA:359,0
DA:360,0
DA:361,0
DA:363,0
DA:364,0
DA:367,0
DA:372,0
DA:373,0
DA:374,0
DA:376,0
DA:377,0
DA:379,0
end_of_record
TN:
SF:/home/ret2basic/AutomateAllTheThings/Fuzzing_101/04_libtiff/fuzzing_tiff/tiff-4.0.4/libtiff/tif_lzw.c
FN:192,LZWFixupTags
FNDA:0,LZWFixupTags
FN:199,LZWSetupDecode
FNDA:0,LZWSetupDecode
FN:261,LZWPreDecode
FNDA:0,LZWPreDecode
FN:352,codeLoop
FNDA:0,codeLoop
FN:360,LZWDecode
FNDA:0,LZWDecode
FN:587,LZWDecodeCompat
FNDA:0,LZWDecodeCompat
FN:782,LZWSetupEncode
FNDA:0,LZWSetupEncode
FN:801,LZWPreEncode
FNDA:0,LZWPreEncode
FN:866,LZWEncode
FNDA:0,LZWEncode
FN:1032,LZWPostEncode
FNDA:0,LZWPostEncode
FN:1061,cl_hash
FNDA:0,cl_hash
FN:1083,LZWCleanup
FNDA:0,LZWCleanup
FN:1102,TIFFInitLZW
FNDA:0,TIFFInitLZW
DA:192,0
DA:195,0
DA:199,0
DA:202,0
DA:205,0
DA:211,0
DA:212,0
DA:214,0
DA:215,0
DA:218,0
DA:219,0
DA:224,0
DA:226,0
DA:229,0
DA:231,0
DA:232,0
DA:233,0
DA:234,0
DA:236,0
DA:241,0
DA:243,0
DA:244,0
DA:245,0
DA:246,0
DA:247,0
DA:251,0
DA:254,0
DA:261,0
DA:264,0
DA:267,0
DA:268,0
DA:270,0
DA:271,0
DA:272,0
DA:278,0
DA:280,0
DA:281,0
DA:290,0
DA:291,0
DA:292,0
DA:298,0
DA:299,0
DA:301,0
DA:311,0
DA:312,0
DA:314,0
DA:315,0
DA:316,0
DA:318,0
DA:319,0
DA:321,0
DA:323,0
DA:331,0
DA:332,0
DA:333,0
DA:334,0
DA:352,0
DA:354,0
DA:357,0
DA:360,0
DA:363,0
DA:364,0
DA:365,0
DA:374,0
DA:375,0
DA:380,0
DA:381,0
DA:385,0
DA:388,0
DA:389,0
DA:390,0
DA:397,0
DA:399,0
DA:400,0
DA:401,0
DA:402,0
DA:404,0
DA:405,0
DA:406,0
DA:408,0
DA:413,0
DA:414,0
DA:417,0
DA:418,0
DA:419,0
DA:420,0
DA:421,0
DA:422,0
DA:425,0
DA:426,0
DA:427,0
DA:428,0
DA:429,0
DA:430,0
DA:431,0
DA:432,0
DA:434,0
DA:435,0
DA:436,0
DA:437,0
DA:438,0
DA:440,0
DA:441,0
DA:443,0
DA:444,0
DA:445,0
DA:446,0
DA:447,0
DA:448,0
DA:449,0
DA:450,0
DA:451,0
DA:454,0
DA:456,0
DA:457,0
DA:458,0
DA:460,0
DA:465,0
DA:466,0
DA:467,0
DA:470,0
DA:473,0
DA:474,0
DA:475,0
DA:476,0
DA:479,0
DA:481,0
DA:482,0
DA:483,0
DA:485,0
DA:486,0
DA:487,0
DA:488,0
DA:489,0
DA:491,0
DA:492,0
DA:497,0
DA:498,0
DA:502,0
DA:504,0
DA:511,0
DA:513,0
DA:514,0
DA:515,0
DA:516,0
DA:517,0
DA:519,0
DA:520,0
DA:521,0
DA:522,0
DA:523,0
DA:525,0
DA:527,0
DA:528,0
DA:531,0
DA:532,0
DA:533,0
DA:534,0
DA:535,0
DA:536,0
DA:537,0
DA:538,0
DA:540,0
DA:541,0
DA:543,0
DA:546,0
DA:547,0
DA:548,0
DA:549,0
DA:550,0
DA:551,0
DA:552,0
DA:553,0
DA:555,0
DA:561,0
DA:565,0
DA:567,0
DA:587,0
DA:590,0
DA:591,0
DA:592,0
DA:600,0
DA:605,0
DA:606,0
DA:611,0
DA:614,0
DA:615,0
DA:616,0
DA:623,0
DA:625,0
DA:626,0
DA:627,0
DA:629,0
DA:630,0
DA:631,0
DA:632,0
DA:637,0
DA:638,0
DA:640,0
DA:641,0
DA:642,0
DA:643,0
DA:646,0
DA:647,0
DA:648,0
DA:649,0
DA:650,0
DA:651,0
DA:652,0
DA:653,0
DA:655,0
DA:656,0
DA:657,0
DA:658,0
DA:659,0
DA:661,0
DA:662,0
DA:664,0
DA:665,0
DA:666,0
DA:667,0
DA:668,0
DA:669,0
DA:670,0
DA:671,0
DA:672,0
DA:675,0
DA:677,0
DA:678,0
DA:679,0
DA:681,0
DA:686,0
DA:687,0
DA:688,0
DA:690,0
DA:693,0
DA:694,0
DA:695,0
DA:696,0
DA:698,0
DA:700,0
DA:701,0
DA:702,0
DA:704,0
DA:705,0
DA:706,0
DA:707,0
DA:708,0
DA:710,0
DA:711,0
DA:716,0
DA:717,0
DA:721,0
DA:723,0
DA:730,0
DA:732,0
DA:733,0
DA:734,0
DA:735,0
DA:737,0
DA:738,0
DA:739,0
DA:740,0
DA:742,0
DA:743,0
DA:744,0
DA:746,0
DA:747,0
DA:749,0
DA:752,0
DA:753,0
DA:754,0
DA:755,0
DA:756,0
DA:757,0
DA:758,0
DA:759,0
DA:761,0
DA:767,0
DA:771,0
DA:773,0
DA:782,0
DA:785,0
DA:787,0
DA:788,0
DA:789,0
DA:790,0
DA:792,0
DA:794,0
DA:801,0
DA:803,0
DA:806,0
DA:808,0
DA:810,0
DA:813,0
DA:814,0
DA:815,0
DA:816,0
DA:817,0
DA:818,0
DA:819,0
DA:820,0
DA:821,0
DA:826,0
DA:827,0
DA:828,0
DA:829,0
DA:866,0
DA:868,0
DA:881,0
DA:882,0
DA:884,0
DA:889,0
DA:890,0
DA:891,0
DA:892,0
DA:893,0
DA:894,0
DA:895,0
DA:896,0
DA:897,0
DA:898,0
DA:899,0
DA:901,0
DA:907,0
DA:908,0
DA:910,0
DA:911,0
DA:912,0
DA:913,0
DA:921,0
DA:922,0
DA:923,0
DA:924,0
DA:926,0
DA:930,0
DA:931,0
DA:932,0
DA:938,0
DA:939,0
DA:940,0
DA:941,0
DA:942,0
DA:943,0
DA:945,0
DA:956,0
DA:957,0
DA:958,0
DA:959,0
DA:961,0
DA:962,0
DA:963,0
DA:964,0
DA:965,0
DA:967,0
DA:968,0
DA:969,0
DA:970,0
DA:971,0
DA:972,0
DA:973,0
DA:974,0
DA:980,0
DA:981,0
DA:982,0
DA:983,0
DA:984,0
DA:992,0
DA:993,0
DA:994,0
DA:995,0
DA:996,0
DA:997,0
DA:998,0
DA:999,0
DA:1000,0
DA:1001,0
DA:1002,0
DA:1004,0
DA:1007,0
DA:1014,0
DA:1015,0
DA:1016,0
DA:1017,0
DA:1018,0
DA:1019,0
DA:1020,0
DA:1021,0
DA:1022,0
DA:1023,0
DA:1024,0
DA:1032,0
DA:1034,0
DA:1035,0
DA:1036,0
DA:1037,0
DA:1038,0
DA:1039,0
DA:1041,0
DA:1042,0
DA:1043,0
DA:1044,0
DA:1046,0
DA:1047,0
DA:1048,0
DA:1050,0
DA:1051,0
DA:1052,0
DA:1053,0
DA:1054,0
DA:1061,0
DA:1063,0
DA:1064,0
DA:1067,0
DA:1068,0
DA:1069,0
DA:1070,0
DA:1071,0
DA:1072,0
DA:1073,0
DA:1074,0
DA:1075,0
DA:1076,0
DA:1077,0
DA:1078,0
DA:1079,0
DA:1080,0
DA:1083,0
DA:1085,0
DA:1087,0
DA:1089,0
DA:1090,0
DA:1092,0
DA:1093,0
DA:1095,0
DA:1096,0
DA:1098,0
DA:1099,0
DA:1102,0
DA:1105,0
DA:1109,0
DA:1110,0
DA:1111,0
DA:1112,0
DA:1113,0
DA:1114,0
DA:1115,0
DA:1120,0
DA:1121,0
DA:1122,0
DA:1123,0
DA:1124,0
DA:1125,0
DA:1126,0
DA:1127,0
DA:1128,0
DA:1129,0
DA:1130,0
DA:1131,0
DA:1132,0
DA:1136,0
DA:1137,0
DA:1138,0
DA:1139,0
DA:1141,0
end_of_record
TN:
SF:/home/ret2basic/AutomateAllTheThings/Fuzzing_101/04_libtiff/fuzzing_tiff/tiff-4.0.4/libtiff/tif_zip.c
FN:90,ZIPFixupTags
FNDA:0,ZIPFixupTags
FN:97,ZIPSetupDecode
FNDA:0,ZIPSetupDecode
FN:123,ZIPPreDecode
FNDA:0,ZIPPreDecode
FN:149,ZIPDecode
FNDA:0,ZIPDecode
FN:204,ZIPSetupEncode
FNDA:0,ZIPSetupEncode
FN:228,ZIPPreEncode
FNDA:0,ZIPPreEncode
FN:256,ZIPEncode
FNDA:0,ZIPEncode
FN:298,ZIPPostEncode
FNDA:0,ZIPPostEncode
FN:328,ZIPCleanup
FNDA:0,ZIPCleanup
FN:353,ZIPVSetField
FNDA:0,ZIPVSetField
FN:377,ZIPVGetField
FNDA:0,ZIPVGetField
FN:396,TIFFInitZIP
FNDA:0,TIFFInitZIP
DA:90,0
DA:93,0
DA:97,0
DA:100,0
DA:102,0
DA:105,0
DA:106,0
DA:107,0
DA:110,0
DA:111,0
DA:112,0
DA:114,0
DA:115,0
DA:123,0
DA:126,0
DA:129,0
DA:131,0
DA:132,0
DA:134,0
DA:139,0
DA:140,0
DA:142,0
DA:143,0
DA:145,0
DA:149,0
DA:152,0
DA:155,0
DA:156,0
DA:158,0
DA:159,0
DA:161,0
DA:166,0
DA:167,0
DA:169,0
DA:170,0
DA:173,0
DA:174,0
DA:175,0
DA:176,0
DA:177,0
DA:179,0
DA:180,0
DA:181,0
DA:182,0
DA:184,0
DA:185,0
DA:186,0
DA:187,0
DA:189,0
DA:190,0
DA:191,0
DA:193,0
DA:194,0
DA:197,0
DA:198,0
DA:200,0
DA:204,0
DA:207,0
DA:209,0
DA:210,0
DA:211,0
DA:212,0
DA:215,0
DA:216,0
DA:217,0
DA:219,0
DA:220,0
DA:228,0
DA:231,0
DA:234,0
DA:235,0
DA:236,0
DA:238,0
DA:243,0
DA:244,0
DA:246,0
DA:247,0
DA:249,0
DA:256,0
DA:259,0
DA:261,0
DA:262,0
DA:265,0
DA:270,0
DA:271,0
DA:273,0
DA:274,0
DA:277,0
DA:278,0
DA:280,0
DA:281,0
DA:283,0
DA:284,0
DA:285,0
DA:286,0
DA:287,0
DA:289,0
DA:290,0
DA:298,0
DA:301,0
DA:304,0
DA:306,0
DA:307,0
DA:308,0
DA:310,0
DA:312,0
DA:313,0
DA:314,0
DA:315,0
DA:317,0
DA:318,0
DA:319,0
DA:320,0
DA:321,0
DA:323,0
DA:324,0
DA:328,0
DA:330,0
DA:332,0
DA:334,0
DA:336,0
DA:337,0
DA:339,0
DA:340,0
DA:341,0
DA:342,0
DA:343,0
DA:344,0
DA:346,0
DA:347,0
DA:349,0
DA:350,0
DA:353,0
DA:356,0
DA:358,0
DA:359,0
DA:360,0
DA:361,0
DA:362,0
DA:364,0
DA:365,0
DA:366,0
DA:369,0
DA:370,0
DA:371,0
DA:377,0
DA:379,0
DA:381,0
DA:382,0
DA:383,0
DA:384,0
DA:385,0
DA:386,0
DA:388,0
DA:396,0
DA:401,0
DA:407,0
DA:408,0
DA:410,0
DA:416,0
DA:417,0
DA:418,0
DA:419,0
DA:420,0
DA:421,0
DA:422,0
DA:423,0
DA:428,0
DA:429,0
DA:430,0
DA:431,0
DA:434,0
DA:435,0
DA:440,0
DA:441,0
DA:442,0
DA:443,0
DA:444,0
DA:445,0
DA:446,0
DA:447,0
DA:448,0
DA:449,0
DA:450,0
DA:451,0
DA:452,0
DA:456,0
DA:457,0
DA:458,0
DA:459,0
DA:461,0
end_of_record
TN:
SF:/home/ret2basic/AutomateAllTheThings/Fuzzing_101/04_libtiff/fuzzing_tiff/tiff-4.0.4/libtiff/tif_dirwrite.c
FN:181,TIFFWriteDirectory
FNDA:0,TIFFWriteDirectory
FN:193,TIFFCheckpointDirectory
FNDA:0,TIFFCheckpointDirectory
FN:205,TIFFWriteCustomDirectory
FNDA:0,TIFFWriteCustomDirectory
FN:217,TIFFRewriteDirectory
FNDA:0,TIFFRewriteDirectory
FN:363,TIFFWriteDirectorySec
FNDA:0,TIFFWriteDirectorySec
FN:929,TIFFWriteDirectoryTagSampleformatArray
FNDA:0,TIFFWriteDirectoryTagSampleformatArray
FN:1036,TIFFWriteDirectoryTagAscii
FNDA:0,TIFFWriteDirectoryTagAscii
FN:1047,TIFFWriteDirectoryTagUndefinedArray
FNDA:0,TIFFWriteDirectoryTagUndefinedArray
FN:1071,TIFFWriteDirectoryTagByteArray
FNDA:0,TIFFWriteDirectoryTagByteArray
FN:1123,TIFFWriteDirectoryTagSbyteArray
FNDA:0,TIFFWriteDirectoryTagSbyteArray
FN:1162,TIFFWriteDirectoryTagShort
FNDA:0,TIFFWriteDirectoryTagShort
FN:1173,TIFFWriteDirectoryTagShortArray
FNDA:0,TIFFWriteDirectoryTagShortArray
FN:1184,TIFFWriteDirectoryTagShortPerSample
FNDA:0,TIFFWriteDirectoryTagShortPerSample
FN:1223,TIFFWriteDirectoryTagSshortArray
FNDA:0,TIFFWriteDirectoryTagSshortArray
FN:1262,TIFFWriteDirectoryTagLong
FNDA:0,TIFFWriteDirectoryTagLong
FN:1273,TIFFWriteDirectoryTagLongArray
FNDA:0,TIFFWriteDirectoryTagLongArray
FN:1325,TIFFWriteDirectoryTagSlongArray
FNDA:0,TIFFWriteDirectoryTagSlongArray
FN:1377,TIFFWriteDirectoryTagLong8Array
FNDA:0,TIFFWriteDirectoryTagLong8Array
FN:1401,TIFFWriteDirectoryTagSlong8Array
FNDA:0,TIFFWriteDirectoryTagSlong8Array
FN:1412,TIFFWriteDirectoryTagRational
FNDA:0,TIFFWriteDirectoryTagRational
FN:1423,TIFFWriteDirectoryTagRationalArray
FNDA:0,TIFFWriteDirectoryTagRationalArray
FN:1434,TIFFWriteDirectoryTagSrationalArray
FNDA:0,TIFFWriteDirectoryTagSrationalArray
FN:1456,TIFFWriteDirectoryTagFloatArray
FNDA:0,TIFFWriteDirectoryTagFloatArray
FN:1505,TIFFWriteDirectoryTagDoubleArray
FNDA:0,TIFFWriteDirectoryTagDoubleArray
FN:1543,TIFFWriteDirectoryTagIfdArray
FNDA:0,TIFFWriteDirectoryTagIfdArray
FN:1567,TIFFWriteDirectoryTagShortLong
FNDA:0,TIFFWriteDirectoryTagShortLong
FN:1588,TIFFWriteDirectoryTagLongLong8Array
FNDA:0,TIFFWriteDirectoryTagLongLong8Array
FN:1646,TIFFWriteDirectoryTagIfdIfd8Array
FNDA:0,TIFFWriteDirectoryTagIfdIfd8Array
FN:1761,TIFFWriteDirectoryTagColormap
FNDA:0,TIFFWriteDirectoryTagColormap
FN:1788,TIFFWriteDirectoryTagTransferfunction
FNDA:0,TIFFWriteDirectoryTagTransferfunction
FN:1839,TIFFWriteDirectoryTagSubifd
FNDA:0,TIFFWriteDirectoryTagSubifd
FN:1897,TIFFWriteDirectoryTagCheckedAscii
FNDA:0,TIFFWriteDirectoryTagCheckedAscii
FN:1904,TIFFWriteDirectoryTagCheckedUndefinedArray
FNDA:0,TIFFWriteDirectoryTagCheckedUndefinedArray
FN:1920,TIFFWriteDirectoryTagCheckedByteArray
FNDA:0,TIFFWriteDirectoryTagCheckedByteArray
FN:1936,TIFFWriteDirectoryTagCheckedSbyteArray
FNDA:0,TIFFWriteDirectoryTagCheckedSbyteArray
FN:1943,TIFFWriteDirectoryTagCheckedShort
FNDA:0,TIFFWriteDirectoryTagCheckedShort
FN:1954,TIFFWriteDirectoryTagCheckedShortArray
FNDA:0,TIFFWriteDirectoryTagCheckedShortArray
FN:1977,TIFFWriteDirectoryTagCheckedSshortArray
FNDA:0,TIFFWriteDirectoryTagCheckedSshortArray
FN:1987,TIFFWriteDirectoryTagCheckedLong
FNDA:0,TIFFWriteDirectoryTagCheckedLong
FN:1998,TIFFWriteDirectoryTagCheckedLongArray
FNDA:0,TIFFWriteDirectoryTagCheckedLongArray
FN:2021,TIFFWriteDirectoryTagCheckedSlongArray
FNDA:0,TIFFWriteDirectoryTagCheckedSlongArray
FN:2045,TIFFWriteDirectoryTagCheckedLong8Array
FNDA:0,TIFFWriteDirectoryTagCheckedLong8Array
FN:2070,TIFFWriteDirectoryTagCheckedSlong8Array
FNDA:0,TIFFWriteDirectoryTagCheckedSlong8Array
FN:2081,TIFFWriteDirectoryTagCheckedRational
FNDA:0,TIFFWriteDirectoryTagCheckedRational
FN:2115,TIFFWriteDirectoryTagCheckedRationalArray
FNDA:0,TIFFWriteDirectoryTagCheckedRationalArray
FN:2161,TIFFWriteDirectoryTagCheckedSrationalArray
FNDA:0,TIFFWriteDirectoryTagCheckedSrationalArray
FN:2237,TIFFWriteDirectoryTagCheckedFloatArray
FNDA:0,TIFFWriteDirectoryTagCheckedFloatArray
FN:2262,TIFFWriteDirectoryTagCheckedDoubleArray
FNDA:0,TIFFWriteDirectoryTagCheckedDoubleArray
FN:2273,TIFFWriteDirectoryTagCheckedIfdArray
FNDA:0,TIFFWriteDirectoryTagCheckedIfdArray
FN:2283,TIFFWriteDirectoryTagCheckedIfd8Array
FNDA:0,TIFFWriteDirectoryTagCheckedIfd8Array
FN:2294,TIFFWriteDirectoryTagData
FNDA:0,TIFFWriteDirectoryTagData
FN:2367,TIFFLinkDirectory
FNDA:0,TIFFLinkDirectory
FN:2569,_TIFFRewriteField
FNDA:0,_TIFFRewriteField
DA:181,0
DA:183,0
DA:193,0
DA:197,0
DA:198,0
DA:199,0
DA:200,0
DA:201,0
DA:205,0
DA:207,0
DA:217,0
DA:222,0
DA:223,0
DA:230,0
DA:232,0
DA:234,0
DA:235,0
DA:237,0
DA:238,0
DA:240,0
DA:242,0
DA:248,0
DA:249,0
DA:253,0
DA:254,0
DA:255,0
DA:257,0
DA:259,0
DA:260,0
DA:261,0
DA:263,0
DA:264,0
DA:266,0
DA:268,0
DA:269,0
DA:270,0
DA:273,0
DA:274,0
DA:276,0
DA:277,0
DA:279,0
DA:281,0
DA:282,0
DA:284,0
DA:290,0
DA:292,0
DA:293,0
DA:295,0
DA:296,0
DA:298,0
DA:300,0
DA:306,0
DA:307,0
DA:312,0
DA:313,0
DA:314,0
DA:316,0
DA:318,0
DA:319,0
DA:320,0
DA:322,0
DA:324,0
DA:326,0
DA:327,0
DA:329,0
DA:330,0
DA:332,0
DA:334,0
DA:335,0
DA:336,0
DA:339,0
DA:340,0
DA:342,0
DA:343,0
DA:345,0
DA:347,0
DA:348,0
DA:350,0
DA:359,0
DA:363,0
DA:371,0
DA:372,0
DA:374,0
DA:381,0
DA:383,0
DA:385,0
DA:386,0
DA:388,0
DA:390,0
DA:393,0
DA:401,0
DA:402,0
DA:404,0
DA:406,0
DA:408,0
DA:411,0
DA:413,0
DA:414,0
DA:415,0
DA:416,0
DA:417,0
DA:418,0
DA:420,0
DA:422,0
DA:423,0
DA:424,0
DA:427,0
DA:428,0
DA:430,0
DA:432,0
DA:433,0
DA:434,0
DA:435,0
DA:437,0
DA:439,0
DA:440,0
DA:441,0
DA:442,0
DA:444,0
DA:446,0
DA:447,0
DA:448,0
DA:449,0
DA:451,0
DA:453,0
DA:454,0
DA:455,0
DA:456,0
DA:458,0
DA:460,0
DA:461,0
DA:463,0
DA:465,0
DA:466,0
DA:468,0
DA:470,0
DA:471,0
DA:473,0
DA:475,0
DA:476,0
DA:478,0
DA:480,0
DA:481,0
DA:483,0
DA:485,0
DA:486,0
DA:488,0
DA:490,0
DA:491,0
DA:493,0
DA:495,0
DA:496,0
DA:498,0
DA:500,0
DA:501,0
DA:503,0
DA:505,0
DA:506,0
DA:508,0
DA:510,0
DA:511,0
DA:513,0
DA:515,0
DA:516,0
DA:518,0
DA:520,0
DA:521,0
DA:523,0
DA:525,0
DA:526,0
DA:528,0
DA:530,0
DA:532,0
DA:533,0
DA:537,0
DA:538,0
DA:541,0
DA:543,0
DA:545,0
DA:546,0
DA:550,0
DA:551,0
DA:554,0
DA:556,0
DA:557,0
DA:559,0
DA:561,0
DA:565,0
DA:566,0
DA:567,0
DA:570,0
DA:572,0
DA:573,0
DA:575,0
DA:577,0
DA:578,0
DA:580,0
DA:582,0
DA:583,0
DA:585,0
DA:587,0
DA:588,0
DA:590,0
DA:592,0
DA:593,0
DA:595,0
DA:597,0
DA:598,0
DA:600,0
DA:602,0
DA:603,0
DA:605,0
DA:607,0
DA:608,0
DA:610,0
DA:612,0
DA:613,0
DA:615,0
DA:617,0
DA:618,0
DA:620,0
DA:622,0
DA:623,0
DA:625,0
DA:627,0
DA:628,0
DA:632,0
DA:634,0
DA:635,0
DA:637,0
DA:639,0
DA:643,0
DA:644,0
DA:645,0
DA:646,0
DA:647,0
DA:648,0
DA:649,0
DA:651,0
DA:652,0
DA:655,0
DA:656,0
DA:657,0
DA:658,0
DA:659,0
DA:660,0
DA:662,0
DA:663,0
DA:666,0
DA:667,0
DA:668,0
DA:669,0
DA:670,0
DA:671,0
DA:673,0
DA:674,0
DA:678,0
DA:679,0
DA:680,0
DA:681,0
DA:682,0
DA:683,0
DA:685,0
DA:686,0
DA:687,0
DA:690,0
DA:694,0
DA:696,0
DA:698,0
DA:699,0
DA:700,0
DA:701,0
DA:702,0
DA:703,0
DA:704,0
DA:705,0
DA:706,0
DA:707,0
DA:708,0
DA:709,0
DA:710,0
DA:711,0
DA:712,0
DA:713,0
DA:714,0
DA:715,0
DA:716,0
DA:717,0
DA:718,0
DA:719,0
DA:720,0
DA:721,0
DA:722,0
DA:723,0
DA:724,0
DA:725,0
DA:726,0
DA:727,0
DA:728,0
DA:729,0
DA:730,0
DA:731,0
DA:732,0
DA:733,0
DA:734,0
DA:735,0
DA:736,0
DA:737,0
DA:738,0
DA:739,0
DA:740,0
DA:741,0
DA:742,0
DA:743,0
DA:744,0
DA:745,0
DA:746,0
DA:747,0
DA:748,0
DA:749,0
DA:750,0
DA:751,0
DA:752,0
DA:753,0
DA:754,0
DA:755,0
DA:756,0
DA:757,0
DA:758,0
DA:759,0
DA:760,0
DA:761,0
DA:762,0
DA:763,0
DA:767,0
DA:768,0
DA:769,0
DA:770,0
DA:772,0
DA:773,0
DA:775,0
DA:777,0
DA:778,0
DA:781,0
DA:782,0
DA:783,0
DA:784,0
DA:785,0
DA:787,0
DA:788,0
DA:789,0
DA:790,0
DA:791,0
DA:793,0
DA:794,0
DA:796,0
DA:797,0
DA:798,0
DA:799,0
DA:801,0
DA:803,0
DA:807,0
DA:809,0
DA:810,0
DA:811,0
DA:813,0
DA:814,0
DA:816,0
DA:819,0
DA:820,0
DA:822,0
DA:823,0
DA:825,0
DA:830,0
DA:831,0
DA:832,0
DA:833,0
DA:834,0
DA:835,0
DA:836,0
DA:838,0
DA:839,0
DA:840,0
DA:841,0
DA:842,0
DA:843,0
DA:844,0
DA:845,0
DA:846,0
DA:847,0
DA:848,0
DA:849,0
DA:850,0
DA:853,0
DA:854,0
DA:855,0
DA:857,0
DA:858,0
DA:859,0
DA:860,0
DA:866,0
DA:867,0
DA:868,0
DA:869,0
DA:870,0
DA:871,0
DA:872,0
DA:874,0
DA:875,0
DA:876,0
DA:877,0
DA:878,0
DA:879,0
DA:880,0
DA:881,0
DA:882,0
DA:883,0
DA:884,0
DA:885,0
DA:886,0
DA:887,0
DA:888,0
DA:890,0
DA:891,0
DA:892,0
DA:894,0
DA:895,0
DA:896,0
DA:898,0
DA:899,0
DA:901,0
DA:903,0
DA:904,0
DA:906,0
DA:907,0
DA:909,0
DA:910,0
DA:911,0
DA:912,0
DA:917,0
DA:919,0
DA:920,0
DA:921,0
DA:922,0
DA:923,0
DA:924,0
DA:925,0
DA:929,0
DA:935,0
DA:936,0
DA:938,0
DA:939,0
DA:942,0
DA:944,0
DA:945,0
DA:947,0
DA:948,0
DA:949,0
DA:953,0
DA:955,0
DA:956,0
DA:957,0
DA:959,0
DA:960,0
DA:961,0
DA:963,0
DA:965,0
DA:966,0
DA:967,0
DA:971,0
DA:972,0
DA:973,0
DA:975,0
DA:976,0
DA:977,0
DA:979,0
DA:980,0
DA:981,0
DA:983,0
DA:985,0
DA:986,0
DA:987,0
DA:991,0
DA:992,0
DA:993,0
DA:995,0
DA:996,0
DA:997,0
DA:1000,0
DA:1001,0
DA:1036,0
DA:1038,0
DA:1040,0
DA:1041,0
DA:1043,0
DA:1047,0
DA:1049,0
DA:1051,0
DA:1052,0
DA:1054,0
DA:1071,0
DA:1073,0
DA:1075,0
DA:1076,0
DA:1078,0
DA:1123,0
DA:1125,0
DA:1127,0
DA:1128,0
DA:1130,0
DA:1162,0
DA:1164,0
DA:1166,0
DA:1167,0
DA:1169,0
DA:1173,0
DA:1175,0
DA:1177,0
DA:1178,0
DA:1180,0
DA:1184,0
DA:1191,0
DA:1193,0
DA:1194,0
DA:1196,0
DA:1197,0
DA:1199,0
DA:1200,0
DA:1202,0
DA:1203,0
DA:1204,0
DA:1205,0
DA:1206,0
DA:1223,0
DA:1225,0
DA:1227,0
DA:1228,0
DA:1230,0
DA:1262,0
DA:1264,0
DA:1266,0
DA:1267,0
DA:1269,0
DA:1273,0
DA:1275,0
DA:1277,0
DA:1278,0
DA:1280,0
DA:1325,0
DA:1327,0
DA:1329,0
DA:1330,0
DA:1332,0
DA:1377,0
DA:1379,0
DA:1381,0
DA:1382,0
DA:1384,0
DA:1401,0
DA:1403,0
DA:1405,0
DA:1406,0
DA:1408,0
DA:1412,0
DA:1414,0
DA:1416,0
DA:1417,0
DA:1419,0
DA:1423,0
DA:1425,0
DA:1427,0
DA:1428,0
DA:1430,0
DA:1434,0
DA:1436,0
DA:1438,0
DA:1439,0
DA:1441,0
DA:1456,0
DA:1458,0
DA:1460,0
DA:1461,0
DA:1463,0
DA:1505,0
DA:1507,0
DA:1509,0
DA:1510,0
DA:1512,0
DA:1543,0
DA:1545,0
DA:1547,0
DA:1548,0
DA:1550,0
DA:1567,0
DA:1569,0
DA:1571,0
DA:1572,0
DA:1574,0
DA:1575,0
DA:1577,0
DA:1588,0
DA:1598,0
DA:1600,0
DA:1601,0
DA:1605,0
DA:1606,0
DA:1614,0
DA:1615,0
DA:1617,0
DA:1618,0
DA:1621,0
DA:1623,0
DA:1625,0
DA:1627,0
DA:1628,0
DA:1630,0
DA:1633,0
DA:1634,0
DA:1636,0
DA:1646,0
DA:1656,0
DA:1658,0
DA:1659,0
DA:1663,0
DA:1664,0
DA:1672,0
DA:1673,0
DA:1675,0
DA:1676,0
DA:1679,0
DA:1681,0
DA:1683,0
DA:1685,0
DA:1686,0
DA:1688,0
DA:1691,0
DA:1692,0
DA:1694,0
DA:1761,0
DA:1767,0
DA:1769,0
DA:1770,0
DA:1772,0
DA:1773,0
DA:1774,0
DA:1776,0
DA:1777,0
DA:1779,0
DA:1780,0
DA:1781,0
DA:1782,0
DA:1783,0
DA:1784,0
DA:1788,0
DA:1795,0
DA:1797,0
DA:1798,0
DA:1800,0
DA:1801,0
DA:1808,0
DA:1809,0
DA:1810,0
DA:1812,0
DA:1813,0
DA:1815,0
DA:1817,0
DA:1818,0
DA:1820,0
DA:1821,0
DA:1822,0
DA:1823,0
DA:1825,0
DA:1826,0
DA:1828,0
DA:1829,0
DA:1830,0
DA:1831,0
DA:1832,0
DA:1833,0
DA:1834,0
DA:1835,0
DA:1839,0
DA:1844,0
DA:1845,0
DA:1846,0
DA:1848,0
DA:1849,0
DA:1851,0
DA:1852,0
DA:1858,0
DA:1859,0
DA:1861,0
DA:1862,0
DA:1864,0
DA:1865,0
DA:1866,0
DA:1868,0
DA:1869,0
DA:1870,0
DA:1872,0
DA:1873,0
DA:1876,0
DA:1877,0
DA:1878,0
DA:1887,0
DA:1888,0
DA:1889,0
DA:1890,0
DA:1892,0
DA:1893,0
DA:1897,0
DA:1900,0
DA:1904,0
DA:1907,0
DA:1920,0
DA:1923,0
DA:1936,0
DA:1939,0
DA:1943,0
DA:1947,0
DA:1948,0
DA:1949,0
DA:1950,0
DA:1954,0
DA:1956,0
DA:1958,0
DA:1959,0
DA:1960,0
DA:1977,0
DA:1979,0
DA:1981,0
DA:1982,0
DA:1983,0
DA:1987,0
DA:1991,0
DA:1992,0
DA:1993,0
DA:1994,0
DA:1998,0
DA:2000,0
DA:2002,0
DA:2003,0
DA:2004,0
DA:2021,0
DA:2023,0
DA:2025,0
DA:2026,0
DA:2027,0
DA:2045,0
DA:2047,0
DA:2049,0
DA:2050,0
DA:2051,0
DA:2052,0
DA:2070,0
DA:2072,0
DA:2074,0
DA:2075,0
DA:2076,0
DA:2077,0
DA:2081,0
DA:2084,0
DA:2086,0
DA:2088,0
DA:2089,0
DA:2091,0
DA:2093,0
DA:2094,0
DA:2096,0
DA:2098,0
DA:2099,0
DA:2103,0
DA:2104,0
DA:2106,0
DA:2108,0
DA:2109,0
DA:2111,0
DA:2115,0
DA:2124,0
DA:2125,0
DA:2127,0
DA:2128,0
DA:2130,0
DA:2132,0
DA:2134,0
DA:2135,0
DA:2137,0
DA:2139,0
DA:2140,0
DA:2142,0
DA:2144,0
DA:2145,0
DA:2149,0
DA:2150,0
DA:2153,0
DA:2154,0
DA:2155,0
DA:2156,0
DA:2157,0
DA:2161,0
DA:2170,0
DA:2171,0
DA:2173,0
DA:2174,0
DA:2176,0
DA:2178,0
DA:2180,0
DA:2182,0
DA:2183,0
DA:2185,0
DA:2187,0
DA:2188,0
DA:2192,0
DA:2193,0
DA:2198,0
DA:2200,0
DA:2201,0
DA:2203,0
DA:2205,0
DA:2206,0
DA:2210,0
DA:2211,0
DA:2215,0
DA:2216,0
DA:2217,0
DA:2218,0
DA:2219,0
DA:2237,0
DA:2239,0
DA:2242,0
DA:2243,0
DA:2244,0
DA:2262,0
DA:2264,0
DA:2267,0
DA:2268,0
DA:2269,0
DA:2273,0
DA:2275,0
DA:2277,0
DA:2278,0
DA:2279,0
DA:2283,0
DA:2285,0
DA:2287,0
DA:2288,0
DA:2289,0
DA:2290,0
DA:2294,0
DA:2298,0
DA:2299,0
DA:2301,0
DA:2302,0
DA:2303,0
DA:2304,0
DA:2306,0
DA:2309,0
DA:2310,0
DA:2312,0
DA:2313,0
DA:2314,0
DA:2315,0
DA:2316,0
DA:2317,0
DA:2321,0
DA:2322,0
DA:2323,0
DA:2324,0
DA:2325,0
DA:2327,0
DA:2328,0
DA:2330,0
DA:2332,0
DA:2333,0
DA:2335,0
DA:2336,0
DA:2338,0
DA:2339,0
DA:2341,0
DA:2342,0
DA:2343,0
DA:2344,0
DA:2347,0
DA:2348,0
DA:2349,0
DA:2350,0
DA:2354,0
DA:2355,0
DA:2356,0
DA:2359,0
DA:2360,0
DA:2367,0
DA:2371,0
DA:2376,0
DA:2378,0
DA:2381,0
DA:2382,0
DA:2383,0
DA:2384,0
DA:2385,0
DA:2386,0
DA:2388,0
DA:2395,0
DA:2396,0
DA:2398,0
DA:2399,0
DA:2404,0
DA:2405,0
DA:2406,0
DA:2407,0
DA:2408,0
DA:2409,0
DA:2411,0
DA:2418,0
DA:2419,0
DA:2421,0
DA:2422,0
DA:2426,0
DA:2430,0
DA:2431,0
DA:2432,0
DA:2433,0
DA:2437,0
DA:2438,0
DA:2439,0
DA:2440,0
DA:2442,0
DA:2444,0
DA:2449,0
DA:2450,0
DA:2454,0
DA:2455,0
DA:2456,0
DA:2458,0
DA:2460,0
DA:2461,0
DA:2462,0
DA:2464,0
DA:2465,0
DA:2467,0
DA:2469,0
DA:2470,0
DA:2471,0
DA:2473,0
DA:2475,0
DA:2476,0
DA:2478,0
DA:2480,0
DA:2482,0
DA:2489,0
DA:2490,0
DA:2491,0
DA:2492,0
DA:2496,0
DA:2497,0
DA:2498,0
DA:2499,0
DA:2501,0
DA:2503,0
DA:2508,0
DA:2509,0
DA:2514,0
DA:2515,0
DA:2516,0
DA:2518,0
DA:2520,0
DA:2521,0
DA:2522,0
DA:2524,0
DA:2526,0
DA:2528,0
DA:2529,0
DA:2531,0
DA:2532,0
DA:2534,0
DA:2536,0
DA:2537,0
DA:2538,0
DA:2540,0
DA:2542,0
DA:2543,0
DA:2545,0
DA:2547,0
DA:2549,0
DA:2552,0
DA:2569,0
DA:2577,0
DA:2578,0
DA:2579,0
DA:2580,0
DA:2581,0
DA:2583,0
DA:2589,0
DA:2594,0
DA:2596,0
DA:2598,0
DA:2601,0
DA:2603,0
DA:2605,0
DA:2611,0
DA:2612,0
DA:2615,0
DA:2618,0
DA:2620,0
DA:2622,0
DA:2623,0
DA:2626,0
DA:2628,0
DA:2629,0
DA:2630,0
DA:2631,0
DA:2634,0
DA:2635,0
DA:2638,0
DA:2640,0
DA:2641,0
DA:2642,0
DA:2643,0
DA:2644,0
DA:2650,0
DA:2652,0
DA:2653,0
DA:2656,0
DA:2659,0
DA:2660,0
DA:2661,0
DA:2663,0
DA:2664,0
DA:2666,0
DA:2669,0
DA:2671,0
DA:2674,0
DA:2680,0
DA:2681,0
DA:2682,0
DA:2684,0
DA:2688,0
DA:2689,0
DA:2690,0
DA:2691,0
DA:2693,0
DA:2694,0
DA:2695,0
DA:2696,0
DA:2700,0
DA:2701,0
DA:2702,0
DA:2704,0
DA:2705,0
DA:2706,0
DA:2712,0
DA:2714,0
DA:2715,0
DA:2716,0
DA:2717,0
DA:2718,0
DA:2719,0
DA:2721,0
DA:2724,0
DA:2731,0
DA:2733,0
DA:2734,0
DA:2736,0
DA:2737,0
DA:2738,0
DA:2739,0
DA:2742,0
DA:2744,0
DA:2745,0
DA:2746,0
DA:2748,0
DA:2749,0
DA:2751,0
DA:2755,0
DA:2756,0
DA:2760,0
DA:2762,0
DA:2763,0
DA:2764,0
DA:2766,0
DA:2767,0
DA:2769,0
DA:2774,0
DA:2776,0
DA:2777,0
DA:2778,0
DA:2779,0
DA:2780,0
DA:2781,0
DA:2787,0
DA:2789,0
DA:2791,0
DA:2792,0
DA:2797,0
DA:2799,0
DA:2800,0
DA:2809,0
DA:2811,0
DA:2812,0
DA:2813,0
DA:2816,0
DA:2818,0
DA:2819,0
DA:2820,0
DA:2822,0
DA:2825,0
DA:2826,0
DA:2832,0
DA:2834,0
DA:2836,0
DA:2837,0
DA:2838,0
DA:2840,0
DA:2845,0
DA:2848,0
DA:2849,0
DA:2854,0
DA:2855,0
DA:2856,0
DA:2857,0
DA:2859,0
DA:2863,0
DA:2864,0
DA:2865,0
DA:2866,0
DA:2868,0
DA:2869,0
DA:2870,0
DA:2871,0
DA:2875,0
DA:2876,0
DA:2877,0
DA:2879,0
DA:2880,0
DA:2881,0
DA:2887,0
DA:2888,0
DA:2891,0
DA:2894,0
DA:2896,0
DA:2899,0
DA:2902,0
end_of_record
TN:
SF:/home/ret2basic/AutomateAllTheThings/Fuzzing_101/04_libtiff/fuzzing_tiff/tiff-4.0.4/libtiff/tif_getimage.c
FN:76,TIFFRGBAImageOK
FNDA:0,TIFFRGBAImageOK
FN:212,TIFFRGBAImageEnd
FNDA:0,TIFFRGBAImageEnd
FN:238,isCCITTCompression
FNDA:0,isCCITTCompression
FN:249,TIFFRGBAImageBegin
FNDA:0,TIFFRGBAImageBegin
FN:484,TIFFRGBAImageGet
FNDA:0,TIFFRGBAImageGet
FN:503,TIFFReadRGBAImageOriented
FNDA:0,TIFFReadRGBAImageOriented
FN:529,TIFFReadRGBAImage
FNDA:0,TIFFReadRGBAImage
FN:537,setorientation
FNDA:0,setorientation
FN:604,gtTileContig
FNDA:0,gtTileContig
FN:714,gtTileSeparate
FNDA:0,gtTileSeparate
FN:882,gtStripContig
FNDA:0,gtStripContig
FN:972,gtStripSeparate
FNDA:0,gtStripSeparate
FN:1182,put8bitcmaptile
FNDA:0,put8bitcmaptile
FN:1202,put4bitcmaptile
FNDA:0,put4bitcmaptile
FN:1219,put2bitcmaptile
FNDA:0,put2bitcmaptile
FN:1236,put1bitcmaptile
FNDA:0,put1bitcmaptile
FN:1253,putgreytile
FNDA:0,putgreytile
FN:1273,putagreytile
FNDA:0,putagreytile
FN:1293,put16bitbwtile
FNDA:0,put16bitbwtile
FN:1318,put1bitbwtile
FNDA:0,put1bitbwtile
FN:1335,put2bitbwtile
FNDA:0,put2bitbwtile
FN:1352,put4bitbwtile
FNDA:0,put4bitbwtile
FN:1369,putRGBcontig8bittile
FNDA:0,putRGBcontig8bittile
FN:1388,putRGBAAcontig8bittile
FNDA:0,putRGBAAcontig8bittile
FN:1407,putRGBUAcontig8bittile
FNDA:0,putRGBUAcontig8bittile
FN:1432,putRGBcontig16bittile
FNDA:0,putRGBcontig16bittile
FN:1454,putRGBAAcontig16bittile
FNDA:0,putRGBAAcontig16bittile
FN:1477,putRGBUAcontig16bittile
FNDA:0,putRGBUAcontig16bittile
FN:1505,putRGBcontig8bitCMYKtile
FNDA:0,putRGBcontig8bitCMYKtile
FN:1530,putRGBcontig8bitCMYKMaptile
FNDA:0,putRGBcontig8bitCMYKMaptile
FN:1565,putRGBseparate8bittile
FNDA:0,putRGBseparate8bittile
FN:1578,putRGBAAseparate8bittile
FNDA:0,putRGBAAseparate8bittile
FN:1591,putCMYKseparate8bittile
FNDA:0,putCMYKseparate8bittile
FN:1611,putRGBUAseparate8bittile
FNDA:0,putRGBUAseparate8bittile
FN:1633,putRGBseparate16bittile
FNDA:0,putRGBseparate16bittile
FN:1652,putRGBAAseparate16bittile
FNDA:0,putRGBAAseparate16bittile
FN:1673,putRGBUAseparate16bittile
FNDA:0,putRGBUAseparate16bittile
FN:1699,putcontig8bitCIELab
FNDA:0,putcontig8bitCIELab
FN:1810,putcontig8bitYCbCr44tile
FNDA:0,putcontig8bitYCbCr44tile
FN:1907,putcontig8bitYCbCr42tile
FNDA:0,putcontig8bitYCbCr42tile
FN:1985,putcontig8bitYCbCr41tile
FNDA:0,putcontig8bitYCbCr41tile
FN:2030,putcontig8bitYCbCr22tile
FNDA:0,putcontig8bitYCbCr22tile
FN:2088,putcontig8bitYCbCr21tile
FNDA:0,putcontig8bitYCbCr21tile
FN:2125,putcontig8bitYCbCr12tile
FNDA:0,putcontig8bitYCbCr12tile
FN:2163,putcontig8bitYCbCr11tile
FNDA:0,putcontig8bitYCbCr11tile
FN:2185,putseparate8bitYCbCr11tile
FNDA:0,putseparate8bitYCbCr11tile
FN:2204,initYCbCrConversion
FNDA:0,initYCbCrConversion
FN:2233,initCIELabConversion
FNDA:0,initCIELabConversion
FN:2273,makebwmap
FNDA:0,makebwmap
FN:2332,setupMap
FNDA:0,setupMap
FN:2371,checkcmap
FNDA:0,checkcmap
FN:2385,cvtcmap
FNDA:0,cvtcmap
FN:2409,makecmap
FNDA:0,makecmap
FN:2465,buildMap
FNDA:0,buildMap
FN:2503,PickContigCase
FNDA:0,PickContigCase
FN:2654,PickSeparateCase
FNDA:0,PickSeparateCase
FN:2723,BuildMapUaToAa
FNDA:0,BuildMapUaToAa
FN:2745,BuildMapBitdepth16To8
FNDA:0,BuildMapBitdepth16To8
FN:2773,TIFFReadRGBAStrip
FNDA:0,TIFFReadRGBAStrip
FN:2824,TIFFReadRGBATile
FNDA:0,TIFFReadRGBATile
DA:76,0
DA:78,0
DA:82,0
DA:83,0
DA:84,0
DA:86,0
DA:87,0
DA:92,0
DA:93,0
DA:94,0
DA:95,0
DA:96,0
DA:98,0
DA:99,0
DA:100,0
DA:101,0
DA:102,0
DA:103,0
DA:104,0
DA:105,0
DA:106,0
DA:107,0
DA:108,0
DA:109,0
DA:111,0
DA:112,0
DA:113,0
DA:116,0
DA:117,0
DA:118,0
DA:119,0
DA:123,0
DA:124,0
DA:125,0
DA:132,0
DA:133,0
DA:140,0
DA:141,0
DA:142,0
DA:143,0
DA:145,0
DA:147,0
DA:148,0
DA:151,0
DA:152,0
DA:153,0
DA:156,0
DA:158,0
DA:159,0
DA:161,0
DA:162,0
DA:164,0
DA:166,0
DA:167,0
DA:168,0
DA:170,0
DA:172,0
DA:173,0
DA:174,0
DA:175,0
DA:176,0
DA:178,0
DA:180,0
DA:181,0
DA:182,0
DA:183,0
DA:185,0
DA:187,0
DA:189,0
DA:190,0
DA:192,0
DA:193,0
DA:194,0
DA:196,0
DA:198,0
DA:199,0
DA:200,0
DA:202,0
DA:203,0
DA:204,0
DA:206,0
DA:208,0
DA:212,0
DA:214,0
DA:215,0
DA:216,0
DA:217,0
DA:218,0
DA:219,0
DA:220,0
DA:221,0
DA:222,0
DA:223,0
DA:224,0
DA:225,0
DA:226,0
DA:227,0
DA:229,0
DA:230,0
DA:231,0
DA:232,0
DA:233,0
DA:235,0
DA:238,0
DA:241,0
DA:242,0
DA:243,0
DA:244,0
DA:245,0
DA:249,0
DA:260,0
DA:261,0
DA:262,0
DA:263,0
DA:264,0
DA:265,0
DA:267,0
DA:268,0
DA:269,0
DA:270,0
DA:271,0
DA:276,0
DA:277,0
DA:278,0
DA:279,0
DA:280,0
DA:282,0
DA:283,0
DA:284,0
DA:286,0
DA:288,0
DA:289,0
DA:290,0
DA:291,0
DA:292,0
DA:293,0
DA:295,0
DA:296,0
DA:298,0
DA:301,0
DA:302,0
DA:304,0
DA:305,0
DA:306,0
DA:308,0
DA:309,0
DA:313,0
DA:314,0
DA:315,0
DA:316,0
DA:317,0
DA:318,0
DA:319,0
DA:320,0
DA:322,0
DA:323,0
DA:324,0
DA:325,0
DA:326,0
DA:327,0
DA:328,0
DA:329,0
DA:331,0
DA:332,0
DA:333,0
DA:334,0
DA:336,0
DA:337,0
DA:341,0
DA:342,0
DA:343,0
DA:344,0
DA:345,0
DA:346,0
DA:347,0
DA:350,0
DA:351,0
DA:352,0
DA:355,0
DA:357,0
DA:358,0
DA:359,0
DA:360,0
DA:363,0
DA:364,0
DA:365,0
DA:366,0
DA:368,0
DA:369,0
DA:371,0
DA:374,0
DA:375,0
DA:381,0
DA:382,0
DA:383,0
DA:384,0
DA:386,0
DA:394,0
DA:395,0
DA:396,0
DA:397,0
DA:399,0
DA:401,0
DA:402,0
DA:405,0
DA:406,0
DA:407,0
DA:409,0
DA:411,0
DA:412,0
DA:413,0
DA:414,0
DA:417,0
DA:418,0
DA:419,0
DA:420,0
DA:422,0
DA:424,0
DA:425,0
DA:426,0
DA:427,0
DA:428,0
DA:429,0
DA:430,0
DA:432,0
DA:434,0
DA:435,0
DA:437,0
DA:439,0
DA:440,0
DA:441,0
DA:442,0
DA:443,0
DA:444,0
DA:445,0
DA:446,0
DA:447,0
DA:448,0
DA:450,0
DA:451,0
DA:452,0
DA:453,0
DA:454,0
DA:455,0
DA:456,0
DA:457,0
DA:458,0
DA:459,0
DA:460,0
DA:461,0
DA:462,0
DA:463,0
DA:464,0
DA:465,0
DA:468,0
DA:469,0
DA:470,0
DA:473,0
DA:475,0
DA:476,0
DA:477,0
DA:478,0
DA:479,0
DA:480,0
DA:484,0
DA:486,0
DA:487,0
DA:488,0
DA:490,0
DA:491,0
DA:493,0
DA:495,0
DA:503,0
DA:507,0
DA:511,0
DA:512,0
DA:514,0
DA:516,0
DA:518,0
DA:519,0
DA:521,0
DA:529,0
DA:532,0
DA:537,0
DA:539,0
DA:540,0
DA:542,0
DA:543,0
DA:544,0
DA:545,0
DA:546,0
DA:547,0
DA:548,0
DA:549,0
DA:550,0
DA:552,0
DA:553,0
DA:555,0
DA:556,0
DA:557,0
DA:558,0
DA:559,0
DA:560,0
DA:561,0
DA:562,0
DA:563,0
DA:565,0
DA:566,0
DA:568,0
DA:569,0
DA:570,0
DA:571,0
DA:572,0
DA:573,0
DA:574,0
DA:575,0
DA:576,0
DA:578,0
DA:579,0
DA:581,0
DA:582,0
DA:583,0
DA:584,0
DA:585,0
DA:586,0
DA:587,0
DA:588,0
DA:589,0
DA:591,0
DA:592,0
DA:593,0
DA:604,0
DA:606,0
DA:607,0
DA:614,0
DA:620,0
DA:621,0
DA:622,0
DA:623,0
DA:625,0
DA:626,0
DA:627,0
DA:629,0
DA:630,0
DA:631,0
DA:632,0
DA:635,0
DA:636,0
DA:642,0
DA:643,0
DA:644,0
DA:645,0
DA:647,0
DA:648,0
DA:649,0
DA:650,0
DA:651,0
DA:652,0
DA:653,0
DA:654,0
DA:656,0
DA:657,0
DA:659,0
DA:660,0
DA:662,0
DA:663,0
DA:664,0
DA:669,0
DA:670,0
DA:671,0
DA:673,0
DA:674,0
DA:675,0
DA:679,0
DA:680,0
DA:681,0
DA:684,0
DA:686,0
DA:688,0
DA:691,0
DA:692,0
DA:693,0
DA:695,0
DA:696,0
DA:697,0
DA:698,0
DA:699,0
DA:704,0
DA:714,0
DA:716,0
DA:717,0
DA:729,0
DA:731,0
DA:738,0
DA:739,0
DA:740,0
DA:741,0
DA:742,0
DA:744,0
DA:745,0
DA:746,0
DA:747,0
DA:749,0
DA:750,0
DA:751,0
DA:752,0
DA:753,0
DA:754,0
DA:755,0
DA:757,0
DA:758,0
DA:759,0
DA:760,0
DA:763,0
DA:764,0
DA:767,0
DA:769,0
DA:772,0
DA:773,0
DA:774,0
DA:776,0
DA:777,0
DA:778,0
DA:784,0
DA:785,0
DA:786,0
DA:787,0
DA:789,0
DA:790,0
DA:791,0
DA:792,0
DA:793,0
DA:794,0
DA:795,0
DA:796,0
DA:798,0
DA:799,0
DA:801,0
DA:802,0
DA:804,0
DA:805,0
DA:806,0
DA:807,0
DA:809,0
DA:810,0
DA:812,0
DA:813,0
DA:814,0
DA:815,0
DA:817,0
DA:818,0
DA:820,0
DA:821,0
DA:822,0
DA:823,0
DA:825,0
DA:826,0
DA:829,0
DA:830,0
DA:831,0
DA:836,0
DA:837,0
DA:838,0
DA:840,0
DA:841,0
DA:842,0
DA:843,0
DA:847,0
DA:848,0
DA:849,0
DA:852,0
DA:855,0
DA:858,0
DA:859,0
DA:860,0
DA:862,0
DA:863,0
DA:864,0
DA:865,0
DA:866,0
DA:871,0
DA:872,0
DA:882,0
DA:884,0
DA:885,0
DA:891,0
DA:894,0
DA:896,0
DA:897,0
DA:898,0
DA:899,0
DA:902,0
DA:903,0
DA:904,0
DA:905,0
DA:907,0
DA:909,0
DA:910,0
DA:911,0
DA:912,0
DA:914,0
DA:915,0
DA:918,0
DA:920,0
DA:921,0
DA:922,0
DA:924,0
DA:925,0
DA:926,0
DA:927,0
DA:928,0
DA:929,0
DA:930,0
DA:932,0
DA:933,0
DA:935,0
DA:936,0
DA:939,0
DA:940,0
DA:941,0
DA:942,0
DA:945,0
DA:948,0
DA:949,0
DA:950,0
DA:952,0
DA:953,0
DA:954,0
DA:955,0
DA:956,0
DA:961,0
DA:962,0
DA:972,0
DA:974,0
DA:975,0
DA:982,0
DA:986,0
DA:987,0
DA:989,0
DA:990,0
DA:991,0
DA:992,0
DA:993,0
DA:995,0
DA:996,0
DA:997,0
DA:998,0
DA:1000,0
DA:1001,0
DA:1002,0
DA:1003,0
DA:1005,0
DA:1006,0
DA:1007,0
DA:1008,0
DA:1011,0
DA:1012,0
DA:1015,0
DA:1017,0
DA:1020,0
DA:1021,0
DA:1022,0
DA:1024,0
DA:1025,0
DA:1026,0
DA:1029,0
DA:1030,0
DA:1031,0
DA:1032,0
DA:1034,0
DA:1035,0
DA:1036,0
DA:1037,0
DA:1038,0
DA:1039,0
DA:1041,0
DA:1042,0
DA:1044,0
DA:1045,0
DA:1046,0
DA:1047,0
DA:1049,0
DA:1050,0
DA:1052,0
DA:1053,0
DA:1054,0
DA:1055,0
DA:1057,0
DA:1058,0
DA:1060,0
DA:1062,0
DA:1063,0
DA:1064,0
DA:1066,0
DA:1067,0
DA:1071,0
DA:1072,0
DA:1073,0
DA:1074,0
DA:1075,0
DA:1078,0
DA:1081,0
DA:1082,0
DA:1083,0
DA:1085,0
DA:1086,0
DA:1087,0
DA:1088,0
DA:1089,0
DA:1094,0
DA:1095,0
DA:1182,0
DA:1184,0
DA:1185,0
DA:1188,0
DA:1189,0
DA:1191,0
DA:1192,0
DA:1194,0
DA:1195,0
DA:1197,0
DA:1202,0
DA:1204,0
DA:1207,0
DA:1208,0
DA:1210,0
DA:1211,0
DA:1212,0
DA:1214,0
DA:1219,0
DA:1221,0
DA:1224,0
DA:1225,0
DA:1227,0
DA:1228,0
DA:1229,0
DA:1231,0
DA:1236,0
DA:1238,0
DA:1241,0
DA:1242,0
DA:1244,0
DA:1245,0
DA:1246,0
DA:1248,0
DA:1253,0
DA:1255,0
DA:1256,0
DA:1259,0
DA:1260,0
DA:1262,0
DA:1263,0
DA:1265,0
DA:1266,0
DA:1268,0
DA:1273,0
DA:1275,0
DA:1276,0
DA:1279,0
DA:1280,0
DA:1282,0
DA:1283,0
DA:1285,0
DA:1286,0
DA:1288,0
DA:1293,0
DA:1295,0
DA:1296,0
DA:1299,0
DA:1300,0
DA:1302,0
DA:1306,0
DA:1307,0
DA:1308,0
DA:1310,0
DA:1311,0
DA:1313,0
DA:1318,0
DA:1320,0
DA:1323,0
DA:1324,0
DA:1326,0
DA:1327,0
DA:1328,0
DA:1330,0
DA:1335,0
DA:1337,0
DA:1340,0
DA:1341,0
DA:1343,0
DA:1344,0
DA:1345,0
DA:1347,0
DA:1352,0
DA:1354,0
DA:1357,0
DA:1358,0
DA:1360,0
DA:1361,0
DA:1362,0
DA:1364,0
DA:1369,0
DA:1371,0
DA:1374,0
DA:1375,0
DA:1376,0
DA:1379,0
DA:1380,0
DA:1382,0
DA:1388,0
DA:1390,0
DA:1393,0
DA:1394,0
DA:1395,0
DA:1398,0
DA:1399,0
DA:1401,0
DA:1407,0
DA:1409,0
DA:1411,0
DA:1412,0
DA:1415,0
DA:1416,0
DA:1417,0
DA:1418,0
DA:1419,0
DA:1420,0
DA:1421,0
DA:1422,0
DA:1424,0
DA:1425,0
DA:1427,0
DA:1432,0
DA:1434,0
DA:1435,0
DA:1437,0
DA:1438,0
DA:1439,0
DA:1440,0
DA:1443,0
DA:1445,0
DA:1446,0
DA:1448,0
DA:1454,0
DA:1456,0
DA:1457,0
DA:1459,0
DA:1460,0
DA:1461,0
DA:1462,0
DA:1466,0
DA:1468,0
DA:1469,0
DA:1471,0
DA:1477,0
DA:1479,0
DA:1480,0
DA:1482,0
DA:1483,0
DA:1486,0
DA:1487,0
DA:1488,0
DA:1489,0
DA:1490,0
DA:1491,0
DA:1492,0
DA:1493,0
DA:1495,0
DA:1496,0
DA:1498,0
DA:1505,0
DA:1507,0
DA:1511,0
DA:1512,0
DA:1513,0
DA:1520,0
DA:1521,0
DA:1523,0
DA:1530,0
DA:1532,0
DA:1533,0
DA:1537,0
DA:1538,0
DA:1539,0
DA:1540,0
DA:1541,0
DA:1542,0
DA:1543,0
DA:1544,0
DA:1545,0
DA:1547,0
DA:1548,0
DA:1550,0
DA:1565,0
DA:1568,0
DA:1569,0
DA:1570,0
DA:1571,0
DA:1573,0
DA:1578,0
DA:1581,0
DA:1582,0
DA:1583,0
DA:1584,0
DA:1586,0
DA:1591,0
DA:1594,0
DA:1596,0
DA:1597,0
DA:1598,0
DA:1599,0
DA:1600,0
DA:1601,0
DA:1603,0
DA:1604,0
DA:1606,0
DA:1611,0
DA:1614,0
DA:1617,0
DA:1618,0
DA:1619,0
DA:1620,0
DA:1621,0
DA:1622,0
DA:1623,0
DA:1625,0
DA:1626,0
DA:1628,0
DA:1633,0
DA:1635,0
DA:1636,0
DA:1637,0
DA:1639,0
DA:1640,0
DA:1641,0
DA:1644,0
DA:1645,0
DA:1647,0
DA:1652,0
DA:1654,0
DA:1655,0
DA:1656,0
DA:1657,0
DA:1659,0
DA:1660,0
DA:1661,0
DA:1665,0
DA:1666,0
DA:1668,0
DA:1673,0
DA:1675,0
DA:1676,0
DA:1677,0
DA:1678,0
DA:1680,0
DA:1683,0
DA:1684,0
DA:1685,0
DA:1686,0
DA:1687,0
DA:1688,0
DA:1689,0
DA:1691,0
DA:1692,0
DA:1694,0
DA:1699,0
DA:1704,0
DA:1705,0
DA:1706,0
DA:1707,0
DA:1708,0
DA:1709,0
DA:1710,0
DA:1712,0
DA:1713,0
DA:1714,0
DA:1716,0
DA:1717,0
DA:1719,0
DA:1810,0
DA:1812,0
DA:1813,0
DA:1814,0
DA:1815,0
DA:1819,0
DA:1820,0
DA:1821,0
DA:1822,0
DA:1824,0
DA:1825,0
DA:1827,0
DA:1828,0
DA:1829,0
DA:1830,0
DA:1831,0
DA:1832,0
DA:1833,0
DA:1834,0
DA:1835,0
DA:1836,0
DA:1837,0
DA:1838,0
DA:1839,0
DA:1840,0
DA:1841,0
DA:1842,0
DA:1844,0
DA:1845,0
DA:1846,0
DA:1847,0
DA:1848,0
DA:1851,0
DA:1852,0
DA:1853,0
DA:1854,0
DA:1855,0
DA:1856,0
DA:1857,0
DA:1858,0
DA:1859,0
DA:1860,0
DA:1861,0
DA:1863,0
DA:1864,0
DA:1865,0
DA:1866,0
DA:1867,0
DA:1868,0
DA:1870,0
DA:1871,0
DA:1872,0
DA:1873,0
DA:1874,0
DA:1875,0
DA:1877,0
DA:1878,0
DA:1879,0
DA:1880,0
DA:1881,0
DA:1882,0
DA:1885,0
DA:1886,0
DA:1887,0
DA:1890,0
DA:1891,0
DA:1893,0
DA:1895,0
DA:1896,0
DA:1897,0
DA:1898,0
DA:1899,0
DA:1902,0
DA:1907,0
DA:1909,0
DA:1910,0
DA:1913,0
DA:1914,0
DA:1915,0
DA:1916,0
DA:1918,0
DA:1919,0
DA:1921,0
DA:1922,0
DA:1923,0
DA:1924,0
DA:1925,0
DA:1926,0
DA:1927,0
DA:1928,0
DA:1930,0
DA:1931,0
DA:1932,0
DA:1933,0
DA:1934,0
DA:1937,0
DA:1938,0
DA:1939,0
DA:1940,0
DA:1941,0
DA:1942,0
DA:1943,0
DA:1944,0
DA:1945,0
DA:1947,0
DA:1948,0
DA:1949,0
DA:1950,0
DA:1952,0
DA:1953,0
DA:1954,0
DA:1955,0
DA:1957,0
DA:1958,0
DA:1959,0
DA:1960,0
DA:1963,0
DA:1964,0
DA:1965,0
DA:1968,0
DA:1969,0
DA:1971,0
DA:1973,0
DA:1974,0
DA:1975,0
DA:1976,0
DA:1977,0
DA:1980,0
DA:1985,0
DA:1990,0
DA:1991,0
DA:1992,0
DA:1993,0
DA:1995,0
DA:1996,0
DA:1997,0
DA:1998,0
DA:2000,0
DA:2001,0
DA:2002,0
DA:2005,0
DA:2007,0
DA:2008,0
DA:2010,0
DA:2011,0
DA:2012,0
DA:2013,0
DA:2014,0
DA:2017,0
DA:2018,0
DA:2021,0
DA:2022,0
DA:2023,0
DA:2025,0
DA:2030,0
DA:2033,0
DA:2035,0
DA:2036,0
DA:2037,0
DA:2038,0
DA:2039,0
DA:2040,0
DA:2041,0
DA:2042,0
DA:2043,0
DA:2044,0
DA:2045,0
DA:2046,0
DA:2047,0
DA:2048,0
DA:2049,0
DA:2051,0
DA:2052,0
DA:2053,0
DA:2054,0
DA:2055,0
DA:2056,0
DA:2057,0
DA:2058,0
DA:2060,0
DA:2061,0
DA:2062,0
DA:2063,0
DA:2065,0
DA:2066,0
DA:2067,0
DA:2068,0
DA:2069,0
DA:2070,0
DA:2071,0
DA:2072,0
DA:2073,0
DA:2074,0
DA:2075,0
DA:2077,0
DA:2078,0
DA:2079,0
DA:2080,0
DA:2083,0
DA:2088,0
DA:2091,0
DA:2093,0
DA:2094,0
DA:2095,0
DA:2096,0
DA:2098,0
DA:2099,0
DA:2101,0
DA:2102,0
DA:2103,0
DA:2106,0
DA:2108,0
DA:2109,0
DA:2111,0
DA:2113,0
DA:2114,0
DA:2117,0
DA:2118,0
DA:2119,0
DA:2120,0
DA:2125,0
DA:2128,0
DA:2130,0
DA:2131,0
DA:2132,0
DA:2133,0
DA:2135,0
DA:2136,0
DA:2137,0
DA:2138,0
DA:2139,0
DA:2140,0
DA:2141,0
DA:2142,0
DA:2143,0
DA:2144,0
DA:2145,0
DA:2146,0
DA:2148,0
DA:2149,0
DA:2151,0
DA:2152,0
DA:2153,0
DA:2154,0
DA:2155,0
DA:2156,0
DA:2158,0
DA:2163,0
DA:2166,0
DA:2168,0
DA:2170,0
DA:2171,0
DA:2173,0
DA:2175,0
DA:2176,0
DA:2177,0
DA:2178,0
DA:2179,0
DA:2180,0
DA:2185,0
DA:2190,0
DA:2191,0
DA:2194,0
DA:2195,0
DA:2196,0
DA:2197,0
DA:2198,0
DA:2200,0
DA:2204,0
DA:2210,0
DA:2211,0
DA:2217,0
DA:2218,0
DA:2220,0
DA:2224,0
DA:2225,0
DA:2227,0
DA:2228,0
DA:2229,0
DA:2233,0
DA:2240,0
DA:2241,0
DA:2242,0
DA:2243,0
DA:2244,0
DA:2246,0
DA:2250,0
DA:2251,0
DA:2252,0
DA:2253,0
DA:2254,0
DA:2255,0
DA:2256,0
DA:2258,0
DA:2259,0
DA:2262,0
DA:2273,0
DA:2275,0
DA:2276,0
DA:2277,0
DA:2281,0
DA:2282,0
DA:2284,0
DA:2285,0
DA:2286,0
DA:2287,0
DA:2288,0
DA:2290,0
DA:2291,0
DA:2293,0
DA:2294,0
DA:2296,0
DA:2297,0
DA:2298,0
DA:2299,0
DA:2300,0
DA:2301,0
DA:2302,0
DA:2303,0
DA:2304,0
DA:2305,0
DA:2306,0
DA:2307,0
DA:2308,0
DA:2309,0
DA:2310,0
DA:2311,0
DA:2312,0
DA:2313,0
DA:2314,0
DA:2315,0
DA:2316,0
DA:2318,0
DA:2319,0
DA:2322,0
DA:2323,0
DA:2332,0
DA:2336,0
DA:2339,0
DA:2340,0
DA:2342,0
DA:2343,0
DA:2344,0
DA:2346,0
DA:2348,0
DA:2349,0
DA:2350,0
DA:2352,0
DA:2353,0
DA:2355,0
DA:2356,0
DA:2357,0
DA:2362,0
DA:2363,0
DA:2365,0
DA:2367,0
DA:2371,0
DA:2373,0
DA:2374,0
DA:2375,0
DA:2376,0
DA:2378,0
DA:2379,0
DA:2380,0
DA:2381,0
DA:2385,0
DA:2387,0
DA:2388,0
DA:2389,0
DA:2392,0
DA:2394,0
DA:2395,0
DA:2396,0
DA:2399,0
DA:2409,0
DA:2411,0
DA:2412,0
DA:2413,0
DA:2414,0
DA:2415,0
DA:2419,0
DA:2420,0
DA:2421,0
DA:2422,0
DA:2423,0
DA:2425,0
DA:2426,0
DA:2428,0
DA:2430,0
DA:2431,0
DA:2432,0
DA:2433,0
DA:2434,0
DA:2435,0
DA:2436,0
DA:2437,0
DA:2438,0
DA:2439,0
DA:2440,0
DA:2441,0
DA:2442,0
DA:2443,0
DA:2444,0
DA:2445,0
DA:2446,0
DA:2447,0
DA:2448,0
DA:2449,0
DA:2450,0
DA:2451,0
DA:2452,0
DA:2453,0
DA:2456,0
DA:2457,0
DA:2465,0
DA:2467,0
DA:2468,0
DA:2471,0
DA:2472,0
DA:2476,0
DA:2477,0
DA:2478,0
DA:2479,0
DA:2484,0
DA:2485,0
DA:2487,0
DA:2492,0
DA:2493,0
DA:2494,0
DA:2496,0
DA:2503,0
DA:2505,0
DA:2506,0
DA:2507,0
DA:2508,0
DA:2509,0
DA:2510,0
DA:2511,0
DA:2512,0
DA:2513,0
DA:2515,0
DA:2516,0
DA:2519,0
DA:2520,0
DA:2521,0
DA:2522,0
DA:2524,0
DA:2525,0
DA:2527,0
DA:2529,0
DA:2530,0
DA:2531,0
DA:2535,0
DA:2536,0
DA:2538,0
DA:2540,0
DA:2541,0
DA:2542,0
DA:2543,0
DA:2544,0
DA:2545,0
DA:2547,0
DA:2550,0
DA:2551,0
DA:2552,0
DA:2553,0
DA:2554,0
DA:2555,0
DA:2556,0
DA:2557,0
DA:2558,0
DA:2559,0
DA:2560,0
DA:2561,0
DA:2562,0
DA:2563,0
DA:2564,0
DA:2565,0
DA:2567,0
DA:2568,0
DA:2569,0
DA:2571,0
DA:2572,0
DA:2573,0
DA:2574,0
DA:2575,0
DA:2576,0
DA:2577,0
DA:2578,0
DA:2580,0
DA:2581,0
DA:2582,0
DA:2583,0
DA:2584,0
DA:2585,0
DA:2586,0
DA:2587,0
DA:2588,0
DA:2589,0
DA:2590,0
DA:2592,0
DA:2593,0
DA:2594,0
DA:2595,0
DA:2597,0
DA:2610,0
DA:2611,0
DA:2612,0
DA:2613,0
DA:2614,0
DA:2615,0
DA:2616,0
DA:2617,0
DA:2618,0
DA:2619,0
DA:2620,0
DA:2621,0
DA:2622,0
DA:2623,0
DA:2624,0
DA:2625,0
DA:2626,0
DA:2627,0
DA:2628,0
DA:2629,0
DA:2630,0
DA:2631,0
DA:2632,0
DA:2634,0
DA:2636,0
DA:2637,0
DA:2638,0
DA:2639,0
DA:2640,0
DA:2641,0
DA:2644,0
DA:2654,0
DA:2656,0
DA:2657,0
DA:2658,0
DA:2659,0
DA:2663,0
DA:2664,0
DA:2665,0
DA:2666,0
DA:2667,0
DA:2669,0
DA:2670,0
DA:2673,0
DA:2674,0
DA:2675,0
DA:2676,0
DA:2678,0
DA:2679,0
DA:2681,0
DA:2683,0
DA:2684,0
DA:2685,0
DA:2689,0
DA:2690,0
DA:2692,0
DA:2694,0
DA:2695,0
DA:2696,0
DA:2698,0
DA:2699,0
DA:2701,0
DA:2702,0
DA:2703,0
DA:2705,0
DA:2708,0
DA:2709,0
DA:2710,0
DA:2711,0
DA:2712,0
DA:2715,0
DA:2717,0
DA:2719,0
DA:2723,0
DA:2728,0
DA:2729,0
DA:2730,0
DA:2732,0
DA:2733,0
DA:2735,0
DA:2736,0
DA:2738,0
DA:2739,0
DA:2741,0
DA:2745,0
DA:2750,0
DA:2751,0
DA:2752,0
DA:2754,0
DA:2755,0
DA:2757,0
DA:2758,0
DA:2759,0
DA:2760,0
DA:2773,0
DA:2776,0
DA:2781,0
DA:2783,0
DA:2785,0
DA:2788,0
DA:2789,0
DA:2791,0
DA:2793,0
DA:2796,0
DA:2798,0
DA:2799,0
DA:2801,0
DA:2802,0
DA:2804,0
DA:2806,0
DA:2808,0
DA:2810,0
DA:2811,0
DA:2814,0
DA:2824,0
DA:2827,0
DA:2839,0
DA:2841,0
DA:2843,0
DA:2846,0
DA:2847,0
DA:2848,0
DA:2850,0
DA:2853,0
DA:2860,0
DA:2861,0
DA:2862,0
DA:2863,0
DA:2873,0
DA:2874,0
DA:2876,0
DA:2878,0
DA:2879,0
DA:2881,0
DA:2887,0
DA:2888,0
DA:2890,0
DA:2892,0
DA:2902,0
DA:2903,0
DA:2905,0
DA:2906,0
DA:2907,0
DA:2909,0
DA:2910,0
DA:2913,0
DA:2914,0
DA:2915,0
DA:2918,0
end_of_record
TN:
SF:/home/ret2basic/AutomateAllTheThings/Fuzzing_101/04_libtiff/fuzzing_tiff/tiff-4.0.4/libtiff/tif_dumpmode.c
FN:35,DumpFixupTags
FNDA:0,DumpFixupTags
FN:45,DumpModeEncode
FNDA:0,DumpModeEncode
FN:78,DumpModeDecode
FNDA:0,DumpModeDecode
FN:113,DumpModeSeek
FNDA:0,DumpModeSeek
FN:124,TIFFInitDumpMode
FNDA:0,TIFFInitDumpMode
DA:35,0
DA:38,0
DA:45,0
DA:48,0
DA:51,0
DA:52,0
DA:53,0
DA:55,0
DA:61,0
DA:62,0
DA:63,0
DA:64,0
DA:65,0
DA:66,0
DA:67,0
DA:68,0
DA:69,0
DA:71,0
DA:78,0
DA:82,0
DA:90,0
DA:92,0
DA:93,0
DA:96,0
DA:102,0
DA:103,0
DA:104,0
DA:105,0
DA:106,0
DA:113,0
DA:115,0
DA:116,0
DA:117,0
DA:124,0
DA:127,0
DA:128,0
DA:129,0
DA:130,0
DA:131,0
DA:132,0
DA:133,0
DA:134,0
DA:135,0
end_of_record
TN:
SF:/home/ret2basic/AutomateAllTheThings/Fuzzing_101/04_libtiff/fuzzing_tiff/tiff-4.0.4/libtiff/tif_dirinfo.c
FN:285,td_lfind
FNDA:0,td_lfind
FN:299,_TIFFGetFields
FNDA:0,_TIFFGetFields
FN:305,_TIFFGetExifFields
FNDA:0,_TIFFGetExifFields
FN:311,_TIFFSetupFields
FNDA:0,_TIFFSetupFields
FN:336,tagCompare
FNDA:0,tagCompare
FN:349,tagNameCompare
FNDA:0,tagNameCompare
FN:363,_TIFFMergeFields
FNDA:0,_TIFFMergeFields
FN:408,_TIFFPrintFieldInfo
FNDA:0,_TIFFPrintFieldInfo
FN:432,TIFFDataWidth
FNDA:0,TIFFDataWidth
FN:470,_TIFFDataSize
FNDA:0,_TIFFDataSize
FN:500,TIFFFindField
FNDA:0,TIFFFindField
FN:525,_TIFFFindFieldByName
FNDA:0,_TIFFFindFieldByName
FN:552,TIFFFieldWithTag
FNDA:0,TIFFFieldWithTag
FN:564,TIFFFieldWithName
FNDA:0,TIFFFieldWithName
FN:576,TIFFFieldTag
FNDA:0,TIFFFieldTag
FN:582,TIFFFieldName
FNDA:0,TIFFFieldName
FN:588,TIFFFieldDataType
FNDA:0,TIFFFieldDataType
FN:594,TIFFFieldPassCount
FNDA:0,TIFFFieldPassCount
FN:600,TIFFFieldReadCount
FNDA:0,TIFFFieldReadCount
FN:606,TIFFFieldWriteCount
FNDA:0,TIFFFieldWriteCount
FN:612,_TIFFFindOrRegisterField
FNDA:0,_TIFFFindOrRegisterField
FN:628,_TIFFCreateAnonField
FNDA:0,_TIFFCreateAnonField
FN:729,_TIFFSetGetType
FNDA:0,_TIFFSetGetType
FN:882,TIFFMergeFieldInfo
FNDA:0,TIFFMergeFieldInfo
DA:285,0
DA:290,0
DA:291,0
DA:292,0
DA:293,0
DA:295,0
DA:299,0
DA:301,0
DA:305,0
DA:307,0
DA:311,0
DA:313,0
DA:316,0
DA:317,0
DA:318,0
DA:319,0
DA:320,0
DA:321,0
DA:325,0
DA:326,0
DA:327,0
DA:329,0
DA:330,0
DA:333,0
DA:336,0
DA:338,0
DA:339,0
DA:341,0
DA:342,0
DA:344,0
DA:345,0
[...]
DA:3013,0
DA:3015,0
DA:3016,0
DA:3018,0
DA:3019,0
DA:3021,0
DA:3022,0
DA:3024,0
DA:3025,0
DA:3033,0
DA:3035,0
DA:3036,0
DA:3037,0
DA:3040,0
DA:3084,0
DA:3089,0
DA:3090,0
DA:3091,0
DA:3092,0
DA:3093,0
end_of_record
TN:
SF:/home/ret2basic/AutomateAllTheThings/Fuzzing_101/04_libtiff/fuzzing_tiff/tiff-4.0.4/tools/ras2tiff.c
FN:61,main
FNDA:0,main
FN:259,processCompressOptions
FNDA:0,processCompressOptions
FN:319,usage
FNDA:0,usage
DA:61,0
DA:70,0
DA:71,0
DA:78,0
DA:79,0
DA:80,0
DA:81,0
DA:82,0
DA:83,0
DA:84,0
DA:85,0
DA:86,0
DA:87,0
DA:88,0
DA:91,0
DA:92,0
DA:93,0
DA:94,0
DA:95,0
DA:96,0
DA:98,0
DA:99,0
DA:100,0
DA:101,0
DA:103,0
DA:105,0
DA:106,0
DA:107,0
DA:108,0
DA:109,0
DA:110,0
DA:111,0
DA:113,0
DA:124,0
DA:125,0
DA:126,0
DA:128,0
DA:129,0
DA:130,0
DA:131,0
DA:132,0
DA:133,0
DA:134,0
DA:135,0
DA:136,0
DA:137,0
DA:139,0
DA:140,0
DA:141,0
DA:142,0
DA:143,0
DA:144,0
DA:145,0
DA:147,0
DA:148,0
DA:150,0
DA:151,0
DA:153,0
DA:154,0
DA:155,0
DA:156,0
DA:157,0
DA:158,0
DA:159,0
DA:165,0
DA:166,0
DA:167,0
DA:168,0
DA:170,0
DA:171,0
DA:172,0
DA:173,0
DA:175,0
DA:176,0
DA:177,0
DA:179,0
DA:180,0
DA:182,0
DA:183,0
DA:184,0
DA:185,0
DA:187,0
DA:188,0
DA:190,0
DA:191,0
DA:192,0
DA:193,0
DA:194,0
DA:195,0
DA:198,0
DA:199,0
DA:200,0
DA:201,0
DA:202,0
DA:203,0
DA:206,0
DA:208,0
DA:209,0
DA:210,0
DA:212,0
DA:213,0
DA:214,0
DA:215,0
DA:216,0
DA:217,0
DA:218,0
DA:219,0
DA:221,0
DA:222,0
DA:223,0
DA:225,0
DA:226,0
DA:227,0
DA:228,0
DA:229,0
DA:230,0
DA:232,0
DA:233,0
DA:235,0
DA:236,0
DA:237,0
DA:238,0
DA:239,0
DA:241,0
DA:242,0
DA:243,0
DA:246,0
DA:247,0
DA:248,0
DA:250,0
DA:251,0
DA:253,0
DA:254,0
DA:255,0
DA:259,0
DA:261,0
DA:262,0
DA:263,0
DA:264,0
DA:265,0
DA:266,0
DA:268,0
DA:269,0
DA:271,0
DA:272,0
DA:273,0
DA:274,0
DA:276,0
DA:278,0
DA:280,0
DA:281,0
DA:282,0
DA:283,0
DA:284,0
DA:285,0
DA:286,0
DA:287,0
DA:288,0
DA:289,0
DA:291,0
DA:292,0
DA:319,0
DA:324,0
DA:325,0
DA:326,0
DA:327,0
DA:328,0
end_of_record
TN:
SF:/home/ret2basic/AutomateAllTheThings/Fuzzing_101/04_libtiff/fuzzing_tiff/tiff-4.0.4/tools/tiffinfo.c
FN:59,PrivateErrorHandler
FNDA:0,PrivateErrorHandler
FN:67,main
FNDA:0,main
FN:187,usage
FNDA:0,usage
FN:200,ShowStrip
FNDA:0,ShowStrip
FN:216,TIFFReadContigStripData
FNDA:0,TIFFReadContigStripData
FN:243,TIFFReadSeparateStripData
FNDA:0,TIFFReadSeparateStripData
FN:274,ShowTile
FNDA:0,ShowTile
FN:294,TIFFReadContigTileData
FNDA:0,TIFFReadContigTileData
FN:322,TIFFReadSeparateTileData
FNDA:0,TIFFReadSeparateTileData
FN:354,TIFFReadData
FNDA:0,TIFFReadData
FN:373,ShowRawBytes
FNDA:0,ShowRawBytes
FN:386,ShowRawWords
FNDA:0,ShowRawWords
FN:399,TIFFReadRawData
FNDA:0,TIFFReadRawData
FN:447,tiffinfo
FNDA:0,tiffinfo
DA:59,0
DA:61,0
DA:62,0
DA:63,0
DA:64,0
DA:67,0
DA:69,0
DA:70,0
DA:76,0
DA:77,0
DA:78,0
DA:80,0
DA:81,0
DA:82,0
DA:85,0
DA:86,0
DA:87,0
DA:88,0
DA:90,0
DA:91,0
DA:92,0
DA:93,0
DA:94,0
DA:95,0
DA:96,0
DA:97,0
DA:98,0
DA:99,0
DA:100,0
DA:102,0
DA:103,0
DA:104,0
DA:105,0
DA:106,0
DA:107,0
DA:108,0
DA:109,0
DA:110,0
DA:111,0
DA:114,0
DA:115,0
DA:116,0
DA:117,0
DA:118,0
DA:119,0
DA:120,0
DA:121,0
DA:122,0
DA:123,0
DA:124,0
DA:125,0
DA:126,0
DA:127,0
DA:128,0
DA:131,0
DA:132,0
DA:134,0
DA:136,0
DA:137,0
DA:138,0
DA:139,0
DA:140,0
DA:141,0
DA:142,0
DA:143,0
DA:144,0
DA:145,0
DA:146,0
DA:147,0
DA:150,0
DA:152,0
DA:153,0
DA:155,0
DA:156,0
DA:159,0
DA:161,0
DA:164,0
DA:187,0
DA:192,0
DA:193,0
DA:194,0
DA:195,0
DA:196,0
DA:200,0
DA:204,0
DA:205,0
DA:206,0
DA:207,0
DA:208,0
DA:209,0
DA:211,0
DA:213,0
DA:216,0
DA:219,0
DA:221,0
DA:222,0
DA:223,0
DA:224,0
DA:226,0
DA:227,0
DA:228,0
DA:229,0
DA:230,0
DA:231,0
DA:232,0
DA:233,0
DA:234,0
DA:235,0
DA:236,0
DA:238,0
DA:240,0
DA:243,0
DA:246,0
DA:248,0
DA:249,0
DA:250,0
DA:251,0
DA:252,0
DA:254,0
DA:255,0
DA:256,0
DA:257,0
DA:258,0
DA:259,0
DA:260,0
DA:261,0
DA:262,0
DA:263,0
DA:264,0
DA:265,0
DA:266,0
DA:269,0
DA:271,0
DA:274,0
DA:279,0
DA:280,0
DA:281,0
DA:282,0
DA:283,0
DA:284,0
DA:285,0
DA:286,0
DA:287,0
DA:289,0
DA:291,0
DA:294,0
DA:297,0
DA:299,0
DA:300,0
DA:301,0
DA:304,0
DA:305,0
DA:306,0
DA:307,0
DA:308,0
DA:309,0
DA:310,0
DA:311,0
DA:312,0
DA:313,0
DA:314,0
DA:317,0
DA:319,0
DA:322,0
DA:325,0
DA:327,0
DA:328,0
DA:329,0
DA:331,0
DA:333,0
DA:334,0
DA:335,0
DA:336,0
DA:337,0
DA:338,0
DA:339,0
DA:340,0
DA:341,0
DA:342,0
DA:343,0
DA:344,0
DA:345,0
DA:349,0
DA:351,0
DA:354,0
DA:356,0
DA:358,0
DA:359,0
DA:360,0
DA:361,0
DA:363,0
DA:365,0
DA:366,0
DA:368,0
DA:370,0
DA:373,0
DA:377,0
DA:378,0
DA:379,0
DA:380,0
DA:382,0
DA:383,0
DA:386,0
DA:390,0
DA:391,0
DA:392,0
DA:393,0
DA:395,0
DA:396,0
DA:399,0
DA:401,0
DA:402,0
DA:403,0
DA:405,0
DA:406,0
DA:407,0
DA:408,0
DA:411,0
DA:412,0
DA:413,0
DA:414,0
DA:416,0
DA:417,0
DA:420,0
DA:422,0
DA:423,0
DA:425,0
DA:426,0
DA:427,0
DA:428,0
DA:429,0
DA:430,0
DA:433,0
DA:435,0
DA:436,0
DA:438,0
DA:441,0
DA:442,0
DA:444,0
DA:447,0
DA:449,0
DA:450,0
DA:451,0
DA:452,0
DA:453,0
DA:455,0
DA:457,0
DA:459,0
DA:461,0
DA:462,0
DA:463,0
end_of_record
TN:
SF:/home/ret2basic/AutomateAllTheThings/Fuzzing_101/04_libtiff/fuzzing_tiff/tiff-4.0.4/tools/tiff2bw.c
FN:57,compresscontig
FNDA:0,compresscontig
FN:70,compresssep
FNDA:0,compresssep
FN:81,checkcmap
FNDA:0,checkcmap
FN:91,compresspalette
FNDA:0,compresspalette
FN:112,main
FNDA:0,main
FN:281,processCompressOptions
FNDA:0,processCompressOptions
FN:327,cpTag
FNDA:0,cpTag
FN:428,cpTags
FNDA:0,cpTags
FN:459,usage
FNDA:0,usage
DA:57,0
DA:59,0
DA:61,0
DA:62,0
DA:63,0
DA:64,0
DA:65,0
DA:67,0
DA:70,0
DA:73,0
DA:75,0
DA:76,0
DA:77,0
DA:78,0
DA:81,0
DA:83,0
DA:84,0
DA:85,0
DA:86,0
DA:87,0
DA:91,0
DA:93,0
DA:95,0
DA:96,0
DA:97,0
DA:98,0
DA:99,0
DA:100,0
DA:102,0
DA:112,0
DA:114,0
DA:135,0
DA:136,0
DA:137,0
DA:138,0
DA:139,0
DA:140,0
DA:141,0
DA:142,0
DA:143,0
DA:144,0
DA:145,0
DA:146,0
DA:147,0
DA:148,0
DA:149,0
DA:150,0
DA:151,0
DA:152,0
DA:153,0
DA:154,0
DA:157,0
DA:158,0
DA:159,0
DA:160,0
DA:161,0
DA:162,0
DA:163,0
DA:164,0
DA:165,0
DA:167,0
DA:168,0
DA:170,0
DA:171,0
DA:172,0
DA:173,0
DA:174,0
DA:176,0
DA:177,0
DA:178,0
DA:179,0
DA:181,0
DA:182,0
DA:183,0
DA:184,0
DA:185,0
DA:187,0
DA:188,0
DA:189,0
DA:191,0
DA:192,0
DA:193,0
DA:194,0
DA:195,0
DA:196,0
DA:197,0
DA:198,0
DA:199,0
DA:200,0
DA:201,0
DA:202,0
DA:203,0
DA:204,0
DA:205,0
DA:206,0
DA:207,0
DA:209,0
DA:210,0
DA:211,0
DA:213,0
DA:214,0
DA:215,0
DA:216,0
DA:217,0
DA:218,0
DA:219,0
DA:223,0
DA:224,0
DA:226,0
DA:231,0
DA:234,0
DA:235,0
DA:236,0
DA:237,0
DA:241,0
DA:242,0
DA:243,0
DA:244,0
DA:245,0
DA:246,0
DA:247,0
DA:249,0
DA:250,0
DA:251,0
DA:252,0
DA:253,0
DA:254,0
DA:255,0
DA:256,0
DA:257,0
DA:259,0
DA:260,0
DA:261,0
DA:262,0
DA:263,0
DA:264,0
DA:265,0
DA:266,0
DA:267,0
DA:268,0
DA:269,0
DA:270,0
DA:271,0
DA:273,0
DA:276,0
DA:277,0
DA:281,0
DA:283,0
DA:284,0
DA:285,0
DA:286,0
DA:287,0
DA:288,0
DA:290,0
DA:291,0
DA:293,0
DA:294,0
DA:295,0
DA:296,0
DA:298,0
DA:300,0
DA:302,0
DA:303,0
DA:304,0
DA:305,0
DA:306,0
DA:307,0
DA:308,0
DA:309,0
DA:310,0
DA:311,0
DA:313,0
DA:314,0
DA:327,0
DA:329,0
DA:330,0
DA:331,0
DA:333,0
DA:334,0
DA:336,0
DA:337,0
DA:339,0
DA:340,0
DA:343,0
DA:345,0
DA:346,0
DA:348,0
DA:350,0
DA:351,0
DA:352,0
DA:354,0
DA:355,0
DA:357,0
DA:359,0
DA:360,0
DA:362,0
DA:364,0
DA:365,0
DA:366,0
DA:368,0
DA:369,0
DA:371,0
DA:373,0
DA:374,0
DA:375,0
DA:379,0
DA:428,0
DA:431,0
DA:432,0
DA:433,0
DA:459,0
DA:464,0
DA:465,0
DA:466,0
DA:467,0
DA:468,0
end_of_record
TN:
SF:/home/ret2basic/AutomateAllTheThings/Fuzzing_101/04_libtiff/fuzzing_tiff/tiff-4.0.4/tools/raw2tiff.c
FN:88,main
FNDA:0,main
FN:343,swapBytesInScanline
FNDA:0,swapBytesInScanline
FN:367,guessSize
FNDA:0,guessSize
FN:476,correlation
FNDA:0,correlation
FN:567,processCompressOptions
FNDA:0,processCompressOptions
FN:664,usage
FNDA:0,usage
DA:88,0
DA:90,0
DA:91,0
DA:92,0
DA:93,0
DA:94,0
DA:95,0
DA:96,0
DA:97,0
DA:98,0
DA:99,0
DA:100,0
DA:102,0
DA:107,0
DA:113,0
DA:114,0
DA:115,0
DA:116,0
DA:117,0
DA:118,0
DA:119,0
DA:120,0
DA:121,0
DA:122,0
DA:123,0
DA:124,0
DA:125,0
DA:126,0
DA:127,0
DA:128,0
DA:129,0
DA:130,0
DA:131,0
DA:132,0
DA:133,0
DA:134,0
DA:135,0
DA:136,0
DA:137,0
DA:138,0
DA:139,0
DA:140,0
DA:141,0
DA:142,0
DA:143,0
DA:144,0
DA:145,0
DA:146,0
DA:147,0
DA:148,0
DA:149,0
DA:150,0
DA:152,0
DA:153,0
DA:154,0
DA:155,0
DA:156,0
DA:157,0
DA:158,0
DA:159,0
DA:160,0
DA:161,0
DA:162,0
DA:163,0
DA:164,0
DA:165,0
DA:166,0
DA:167,0
DA:168,0
DA:169,0
DA:170,0
DA:171,0
DA:172,0
DA:173,0
DA:174,0
DA:175,0
DA:176,0
DA:177,0
DA:179,0
DA:180,0
DA:181,0
DA:182,0
DA:183,0
DA:184,0
DA:185,0
DA:186,0
DA:187,0
DA:188,0
DA:190,0
DA:191,0
DA:192,0
DA:193,0
DA:194,0
DA:195,0
DA:196,0
DA:197,0
DA:198,0
DA:202,0
DA:203,0
DA:205,0
DA:206,0
DA:207,0
DA:208,0
DA:209,0
DA:212,0
DA:213,0
DA:215,0
DA:216,0
DA:217,0
DA:218,0
DA:219,0
DA:221,0
DA:223,0
DA:224,0
DA:225,0
DA:226,0
DA:227,0
DA:228,0
DA:229,0
DA:230,0
DA:231,0
DA:232,0
DA:235,0
DA:236,0
DA:237,0
DA:240,0
DA:241,0
DA:242,0
DA:244,0
DA:245,0
DA:246,0
DA:247,0
DA:248,0
DA:250,0
DA:251,0
DA:252,0
DA:253,0
DA:254,0
DA:255,0
DA:256,0
DA:257,0
DA:258,0
DA:259,0
DA:260,0
DA:261,0
DA:263,0
DA:264,0
DA:265,0
DA:267,0
DA:268,0
DA:269,0
DA:270,0
DA:271,0
DA:272,0
DA:274,0
DA:275,0
DA:277,0
DA:278,0
DA:280,0
DA:281,0
DA:282,0
DA:284,0
DA:286,0
DA:287,0
DA:288,0
DA:289,0
DA:290,0
DA:291,0
DA:292,0
DA:294,0
DA:296,0
DA:298,0
DA:300,0
DA:301,0
DA:303,0
DA:305,0
DA:307,0
DA:308,0
DA:309,0
DA:310,0
DA:311,0
DA:313,0
DA:314,0
DA:316,0
DA:317,0
DA:319,0
DA:321,0
DA:323,0
DA:324,0
DA:325,0
DA:328,0
DA:329,0
DA:331,0
DA:334,0
DA:335,0
DA:336,0
DA:337,0
DA:338,0
DA:339,0
DA:343,0
DA:345,0
DA:346,0
DA:348,0
DA:350,0
DA:351,0
DA:353,0
DA:355,0
DA:357,0
DA:358,0
DA:360,0
DA:361,0
DA:362,0
DA:364,0
DA:367,0
DA:370,0
DA:374,0
DA:375,0
DA:377,0
DA:378,0
DA:379,0
DA:382,0
DA:383,0
DA:384,0
DA:387,0
DA:389,0
DA:390,0
DA:392,0
DA:394,0
DA:395,0
DA:397,0
DA:398,0
DA:399,0
DA:401,0
DA:403,0
DA:404,0
DA:406,0
DA:407,0
DA:408,0
DA:409,0
DA:411,0
DA:412,0
DA:413,0
DA:414,0
DA:415,0
DA:416,0
DA:417,0
DA:418,0
DA:420,0
DA:422,0
DA:423,0
DA:424,0
DA:426,0
DA:428,0
DA:429,0
DA:430,0
DA:432,0
DA:434,0
DA:435,0
DA:436,0
DA:438,0
DA:439,0
DA:440,0
DA:442,0
DA:444,0
DA:445,0
DA:446,0
DA:450,0
DA:451,0
DA:455,0
DA:456,0
DA:459,0
DA:461,0
DA:463,0
DA:465,0
DA:466,0
DA:467,0
DA:471,0
DA:476,0
DA:478,0
DA:481,0
DA:482,0
DA:484,0
DA:485,0
DA:486,0
DA:487,0
DA:488,0
DA:489,0
DA:491,0
DA:492,0
DA:493,0
DA:494,0
DA:495,0
DA:496,0
DA:497,0
DA:498,0
DA:500,0
DA:501,0
DA:502,0
DA:503,0
DA:504,0
DA:505,0
DA:506,0
DA:507,0
DA:509,0
DA:510,0
DA:511,0
DA:512,0
DA:513,0
DA:514,0
DA:515,0
DA:516,0
DA:518,0
DA:519,0
DA:520,0
DA:521,0
DA:522,0
DA:523,0
DA:524,0
DA:525,0
DA:527,0
DA:528,0
DA:529,0
DA:530,0
DA:531,0
DA:532,0
DA:533,0
DA:534,0
DA:536,0
DA:537,0
DA:538,0
DA:539,0
DA:540,0
DA:541,0
DA:542,0
DA:543,0
DA:545,0
DA:546,0
DA:547,0
DA:548,0
DA:549,0
DA:550,0
DA:551,0
DA:552,0
DA:554,0
DA:557,0
DA:558,0
DA:559,0
DA:560,0
DA:561,0
DA:563,0
DA:567,0
DA:569,0
DA:570,0
DA:571,0
DA:572,0
DA:573,0
DA:574,0
DA:576,0
DA:577,0
DA:579,0
DA:580,0
DA:581,0
DA:582,0
DA:584,0
DA:586,0
DA:588,0
DA:589,0
DA:590,0
DA:591,0
DA:592,0
DA:593,0
DA:594,0
DA:595,0
DA:596,0
DA:597,0
DA:599,0
DA:600,0
DA:664,0
DA:669,0
DA:670,0
DA:671,0
DA:672,0
DA:673,0
end_of_record
TN:
SF:/home/ret2basic/AutomateAllTheThings/Fuzzing_101/04_libtiff/fuzzing_tiff/tiff-4.0.4/tools/tiffset.c
FN:51,usage
FNDA:0,usage
FN:60,GetField
FNDA:0,GetField
FN:78,main
FNDA:0,main
DA:51,0
DA:54,0
DA:55,0
DA:56,0
DA:60,0
DA:64,0
DA:65,0
DA:67,0
DA:69,0
DA:70,0
DA:71,0
DA:74,0
DA:78,0
DA:83,0
DA:84,0
DA:86,0
DA:87,0
DA:88,0
DA:90,0
DA:91,0
DA:92,0
DA:93,0
DA:95,0
DA:96,0
DA:98,0
DA:100,0
DA:101,0
DA:102,0
DA:104,0
DA:105,0
DA:107,0
DA:110,0
DA:113,0
DA:114,0
DA:115,0
DA:116,0
DA:117,0
DA:119,0
DA:121,0
DA:123,0
DA:124,0
DA:128,0
DA:129,0
DA:130,0
DA:132,0
DA:133,0
DA:135,0
DA:136,0
DA:137,0
DA:138,0
DA:139,0
DA:140,0
DA:141,0
DA:142,0
DA:145,0
DA:146,0
DA:148,0
DA:150,0
DA:151,0
DA:155,0
DA:158,0
DA:162,0
DA:170,0
DA:175,0
DA:176,0
DA:178,0
DA:180,0
DA:181,0
DA:183,0
DA:189,0
DA:190,0
DA:192,0
DA:193,0
DA:194,0
DA:197,0
DA:198,0
DA:199,0
DA:201,0
DA:204,0
DA:205,0
DA:206,0
DA:207,0
DA:208,0
DA:209,0
DA:210,0
DA:211,0
DA:212,0
DA:213,0
DA:214,0
DA:215,0
DA:216,0
DA:217,0
DA:218,0
DA:219,0
DA:220,0
DA:221,0
DA:222,0
DA:223,0
DA:224,0
DA:225,0
DA:227,0
DA:228,0
DA:229,0
DA:230,0
DA:231,0
DA:232,0
DA:233,0
DA:234,0
DA:237,0
DA:238,0
DA:239,0
DA:240,0
DA:241,0
DA:244,0
DA:245,0
DA:247,0
DA:248,0
DA:249,0
DA:250,0
DA:251,0
DA:252,0
DA:253,0
DA:254,0
DA:255,0
DA:256,0
DA:259,0
DA:263,0
DA:265,0
DA:266,0
DA:270,0
DA:271,0
DA:272,0
DA:273,0
DA:276,0
DA:277,0
DA:278,0
DA:279,0
DA:280,0
DA:281,0
DA:282,0
DA:283,0
DA:286,0
DA:287,0
DA:288,0
DA:289,0
DA:290,0
DA:294,0
DA:295,0
DA:296,0
DA:298,0
DA:304,0
DA:305,0
DA:307,0
DA:308,0
DA:310,0
DA:311,0
DA:314,0
DA:317,0
DA:318,0
DA:319,0
DA:320,0
DA:321,0
DA:324,0
DA:325,0
DA:326,0
DA:328,0
DA:330,0
DA:331,0
DA:332,0
DA:335,0
DA:336,0
DA:338,0
DA:339,0
DA:340,0
DA:344,0
DA:345,0
DA:346,0
end_of_record
TN:
SF:/home/ret2basic/AutomateAllTheThings/Fuzzing_101/04_libtiff/fuzzing_tiff/tiff-4.0.4/tools/pal2rgb.c
FN:51,checkcmap
FNDA:0,checkcmap
FN:72,main
FNDA:0,main
FN:233,processCompressOptions
FNDA:0,processCompressOptions
FN:279,cpTag
FNDA:0,cpTag
FN:390,cpTags
FNDA:0,cpTags
FN:419,usage
FNDA:0,usage
DA:51,0
DA:53,0
DA:54,0
DA:55,0
DA:56,0
DA:57,0
DA:72,0
DA:76,0
DA:77,0
DA:78,0
DA:81,0
DA:90,0
DA:91,0
DA:92,0
DA:93,0
DA:94,0
DA:95,0
DA:96,0
DA:97,0
DA:98,0
DA:99,0
DA:100,0
DA:101,0
DA:102,0
DA:103,0
DA:105,0
DA:106,0
DA:107,0
DA:108,0
DA:109,0
DA:110,0
DA:111,0
DA:114,0
DA:115,0
DA:116,0
DA:117,0
DA:118,0
DA:119,0
DA:120,0
DA:121,0
DA:122,0
DA:123,0
DA:125,0
DA:126,0
DA:128,0
DA:129,0
DA:131,0
DA:132,0
DA:133,0
DA:134,0
DA:135,0
DA:136,0
DA:138,0
DA:139,0
DA:140,0
DA:141,0
DA:142,0
DA:143,0
DA:144,0
DA:145,0
DA:147,0
DA:148,0
DA:149,0
DA:150,0
DA:151,0
DA:153,0
DA:154,0
DA:155,0
DA:156,0
DA:157,0
DA:159,0
DA:160,0
DA:161,0
DA:163,0
DA:164,0
DA:165,0
DA:166,0
DA:167,0
DA:168,0
DA:169,0
DA:170,0
DA:171,0
DA:177,0
DA:179,0
DA:180,0
DA:181,0
DA:187,0
DA:188,0
DA:189,0
DA:190,0
DA:191,0
DA:192,0
DA:193,0
DA:194,0
DA:195,0
DA:196,0
DA:197,0
DA:198,0
DA:200,0
DA:201,0
DA:203,0
DA:204,0
DA:205,0
DA:206,0
DA:207,0
DA:208,0
DA:209,0
DA:210,0
DA:211,0
DA:212,0
DA:213,0
DA:214,0
DA:215,0
DA:216,0
DA:217,0
DA:218,0
DA:219,0
DA:221,0
DA:223,0
DA:224,0
DA:226,0
DA:227,0
DA:228,0
DA:229,0
DA:233,0
DA:235,0
DA:236,0
DA:237,0
DA:238,0
DA:239,0
DA:240,0
DA:242,0
DA:243,0
DA:245,0
DA:246,0
DA:247,0
DA:248,0
DA:250,0
DA:252,0
DA:254,0
DA:255,0
DA:256,0
DA:257,0
DA:258,0
DA:259,0
DA:260,0
DA:261,0
DA:262,0
DA:263,0
DA:265,0
DA:266,0
DA:279,0
DA:281,0
DA:282,0
DA:283,0
DA:285,0
DA:286,0
DA:288,0
DA:289,0
DA:291,0
DA:292,0
DA:295,0
DA:297,0
DA:298,0
DA:300,0
DA:302,0
DA:303,0
DA:304,0
DA:306,0
DA:307,0
DA:309,0
DA:311,0
DA:312,0
DA:314,0
DA:316,0
DA:317,0
DA:318,0
DA:320,0
DA:321,0
DA:323,0
DA:325,0
DA:326,0
DA:327,0
DA:331,0
DA:390,0
DA:393,0
DA:394,0
DA:395,0
DA:419,0
DA:424,0
DA:425,0
DA:426,0
DA:427,0
DA:428,0
end_of_record
TN:
SF:/home/ret2basic/AutomateAllTheThings/Fuzzing_101/04_libtiff/fuzzing_tiff/tiff-4.0.4/tools/tiffmedian.c
FN:118,main
FNDA:0,main
FN:299,processCompressOptions
FNDA:0,processCompressOptions
FN:338,usage
FNDA:0,usage
FN:351,get_histogram
FNDA:0,get_histogram
FN:404,largest_box
FNDA:0,largest_box
FN:419,splitbox
FNDA:0,splitbox
FN:541,shrinkbox
FNDA:0,shrinkbox
FN:626,create_colorcell
FNDA:0,create_colorcell
FN:714,map_colortable
FNDA:0,map_colortable
FN:761,quant
FNDA:0,quant
FN:814,quant_fsdither
FNDA:0,quant_fsdither
DA:118,0
DA:120,0
DA:131,0
DA:132,0
DA:133,0
DA:134,0
DA:135,0
DA:136,0
DA:137,0
DA:138,0
DA:139,0
DA:140,0
DA:141,0
DA:144,0
DA:146,0
DA:147,0
DA:148,0
DA:149,0
DA:150,0
DA:151,0
DA:152,0
DA:153,0
DA:154,0
DA:157,0
DA:158,0
DA:159,0
DA:160,0
DA:161,0
DA:162,0
DA:163,0
DA:164,0
DA:165,0
DA:166,0
DA:167,0
DA:168,0
DA:169,0
DA:171,0
DA:172,0
DA:173,0
DA:174,0
DA:176,0
DA:177,0
DA:178,0
DA:179,0
DA:180,0
DA:186,0
DA:187,0
DA:188,0
DA:189,0
DA:190,0
DA:191,0
DA:192,0
DA:194,0
DA:195,0
DA:200,0
DA:201,0
DA:202,0
DA:203,0
DA:204,0
DA:205,0
DA:206,0
DA:207,0
DA:208,0
DA:214,0
DA:215,0
DA:216,0
DA:217,0
DA:219,0
DA:225,0
DA:226,0
DA:227,0
DA:228,0
DA:232,0
DA:233,0
DA:239,0
DA:240,0
DA:243,0
DA:248,0
DA:249,0
DA:250,0
DA:252,0
DA:253,0
DA:254,0
DA:255,0
DA:256,0
DA:257,0
DA:258,0
DA:260,0
DA:261,0
DA:262,0
DA:264,0
DA:265,0
DA:266,0
DA:267,0
DA:268,0
DA:269,0
DA:270,0
DA:272,0
DA:273,0
DA:274,0
DA:275,0
DA:276,0
DA:277,0
DA:278,0
DA:280,0
DA:281,0
DA:283,0
DA:288,0
DA:289,0
DA:290,0
DA:291,0
DA:293,0
DA:294,0
DA:295,0
DA:299,0
DA:301,0
DA:302,0
DA:303,0
DA:304,0
DA:305,0
DA:306,0
DA:307,0
DA:308,0
DA:309,0
DA:310,0
DA:311,0
DA:312,0
DA:313,0
DA:314,0
DA:316,0
DA:317,0
DA:338,0
DA:343,0
DA:344,0
DA:345,0
DA:346,0
DA:347,0
DA:351,0
DA:358,0
DA:359,0
DA:360,0
DA:361,0
DA:363,0
DA:364,0
DA:365,0
DA:367,0
DA:368,0
DA:369,0
DA:371,0
DA:372,0
DA:373,0
DA:374,0
DA:375,0
DA:376,0
DA:377,0
DA:378,0
DA:379,0
DA:380,0
DA:383,0
DA:385,0
DA:386,0
DA:387,0
DA:388,0
DA:389,0
DA:390,0
DA:391,0
DA:392,0
DA:393,0
DA:394,0
DA:395,0
DA:396,0
DA:397,0
DA:400,0
DA:401,0
DA:404,0
DA:409,0
DA:410,0
DA:411,0
DA:412,0
DA:413,0
DA:414,0
DA:415,0
DA:419,0
DA:422,0
DA:435,0
DA:436,0
DA:437,0
DA:438,0
DA:439,0
DA:441,0
DA:443,0
DA:444,0
DA:445,0
DA:446,0
DA:447,0
DA:448,0
DA:449,0
DA:450,0
DA:451,0
DA:453,0
DA:455,0
DA:456,0
DA:457,0
DA:458,0
DA:459,0
DA:460,0
DA:461,0
DA:462,0
DA:463,0
DA:464,0
DA:465,0
DA:467,0
DA:469,0
DA:470,0
DA:471,0
DA:472,0
DA:473,0
DA:474,0
DA:475,0
DA:476,0
DA:477,0
DA:478,0
DA:479,0
DA:480,0
DA:483,0
DA:485,0
DA:486,0
DA:487,0
DA:490,0
DA:491,0
DA:492,0
DA:493,0
DA:495,0
DA:496,0
DA:499,0
DA:500,0
DA:501,0
DA:502,0
DA:503,0
DA:504,0
DA:505,0
DA:506,0
DA:508,0
DA:509,0
DA:510,0
DA:511,0
DA:512,0
DA:513,0
DA:514,0
DA:516,0
DA:517,0
DA:518,0
DA:519,0
DA:520,0
DA:521,0
DA:522,0
DA:523,0
DA:524,0
DA:525,0
DA:526,0
DA:527,0
DA:528,0
DA:529,0
DA:530,0
DA:531,0
DA:532,0
DA:533,0
DA:534,0
DA:536,0
DA:537,0
DA:538,0
DA:541,0
DA:546,0
DA:547,0
DA:548,0
DA:549,0
DA:550,0
DA:551,0
DA:552,0
DA:553,0
DA:556,0
DA:557,0
DA:558,0
DA:559,0
DA:560,0
DA:561,0
DA:562,0
DA:563,0
DA:564,0
DA:565,0
DA:569,0
DA:570,0
DA:571,0
DA:572,0
DA:573,0
DA:574,0
DA:575,0
DA:576,0
DA:577,0
DA:580,0
DA:581,0
DA:582,0
DA:583,0
DA:584,0
DA:585,0
DA:586,0
DA:587,0
DA:588,0
DA:589,0
DA:593,0
DA:594,0
DA:595,0
DA:596,0
DA:597,0
DA:598,0
DA:599,0
DA:600,0
DA:601,0
DA:603,0
DA:606,0
DA:607,0
DA:608,0
DA:609,0
DA:610,0
DA:611,0
DA:612,0
DA:613,0
DA:614,0
DA:615,0
DA:617,0
DA:621,0
DA:623,0
DA:626,0
DA:633,0
DA:634,0
DA:635,0
DA:636,0
DA:637,0
DA:638,0
DA:644,0
DA:645,0
DA:646,0
DA:647,0
DA:648,0
DA:649,0
DA:650,0
DA:651,0
DA:652,0
DA:653,0
DA:654,0
DA:655,0
DA:656,0
DA:657,0
DA:658,0
DA:659,0
DA:660,0
DA:661,0
DA:662,0
DA:663,0
DA:664,0
DA:665,0
DA:666,0
DA:672,0
DA:673,0
DA:674,0
DA:675,0
DA:676,0
DA:677,0
DA:678,0
DA:679,0
DA:680,0
DA:681,0
DA:682,0
DA:683,0
DA:684,0
DA:685,0
DA:686,0
DA:687,0
DA:688,0
DA:689,0
DA:690,0
DA:697,0
DA:698,0
DA:699,0
DA:700,0
DA:701,0
DA:702,0
DA:703,0
DA:704,0
DA:705,0
DA:706,0
DA:707,0
DA:710,0
DA:714,0
DA:716,0
DA:721,0
DA:722,0
DA:723,0
DA:724,0
DA:725,0
DA:726,0
DA:728,0
DA:729,0
DA:730,0
DA:731,0
DA:732,0
DA:733,0
DA:737,0
DA:738,0
DA:739,0
DA:740,0
DA:741,0
DA:742,0
DA:743,0
DA:744,0
DA:745,0
DA:746,0
DA:747,0
DA:748,0
DA:749,0
DA:753,0
DA:761,0
DA:768,0
DA:769,0
DA:770,0
DA:771,0
DA:772,0
DA:773,0
DA:774,0
DA:775,0
DA:776,0
DA:777,0
DA:778,0
DA:779,0
DA:781,0
DA:782,0
DA:784,0
DA:785,0
DA:786,0
DA:814,0
DA:824,0
DA:825,0
DA:826,0
DA:827,0
DA:828,0
DA:829,0
DA:831,0
DA:832,0
DA:833,0
DA:834,0
DA:835,0
DA:836,0
DA:837,0
DA:838,0
DA:839,0
DA:840,0
DA:844,0
DA:845,0
DA:846,0
DA:847,0
DA:848,0
DA:849,0
DA:854,0
DA:855,0
DA:856,0
DA:857,0
DA:858,0
DA:859,0
DA:861,0
DA:862,0
DA:863,0
DA:864,0
DA:865,0
DA:866,0
DA:867,0
DA:868,0
DA:869,0
DA:870,0
DA:871,0
DA:872,0
DA:875,0
DA:877,0
DA:878,0
DA:879,0
DA:880,0
DA:881,0
DA:882,0
DA:883,0
DA:884,0
DA:886,0
DA:887,0
DA:888,0
DA:889,0
DA:890,0
DA:892,0
DA:893,0
DA:894,0
DA:895,0
DA:896,0
DA:897,0
DA:898,0
DA:900,0
DA:903,0
DA:904,0
DA:906,0
DA:907,0
DA:908,0
DA:909,0
DA:910,0
DA:911,0
end_of_record
